[2024-02-09T23:09:44.876+0000] {processor.py:161} INFO - Started process (PID=53) to work on /opt/airflow/dags/etl_dag.py
[2024-02-09T23:09:44.879+0000] {processor.py:830} INFO - Processing file /opt/airflow/dags/etl_dag.py for tasks to queue
[2024-02-09T23:09:44.889+0000] {logging_mixin.py:188} INFO - [2024-02-09T23:09:44.889+0000] {dagbag.py:538} INFO - Filling up the DagBag from /opt/airflow/dags/etl_dag.py
[2024-02-09T23:09:52.659+0000] {processor.py:840} INFO - DAG(s) 'etl_weather_data' retrieved from /opt/airflow/dags/etl_dag.py
[2024-02-09T23:09:53.694+0000] {logging_mixin.py:188} INFO - [2024-02-09T23:09:53.691+0000] {override.py:1769} INFO - Created Permission View: can delete on DAG:etl_weather_data
[2024-02-09T23:09:53.726+0000] {logging_mixin.py:188} INFO - [2024-02-09T23:09:53.724+0000] {override.py:1769} INFO - Created Permission View: can read on DAG:etl_weather_data
[2024-02-09T23:09:53.748+0000] {logging_mixin.py:188} INFO - [2024-02-09T23:09:53.747+0000] {override.py:1769} INFO - Created Permission View: can edit on DAG:etl_weather_data
[2024-02-09T23:09:53.750+0000] {logging_mixin.py:188} INFO - [2024-02-09T23:09:53.749+0000] {dag.py:3033} INFO - Sync 1 DAGs
[2024-02-09T23:09:53.793+0000] {logging_mixin.py:188} INFO - [2024-02-09T23:09:53.792+0000] {dag.py:3055} INFO - Creating ORM DAG for etl_weather_data
[2024-02-09T23:09:53.831+0000] {logging_mixin.py:188} INFO - [2024-02-09T23:09:53.830+0000] {dag.py:3820} INFO - Setting next_dagrun for etl_weather_data to 2024-02-10T00:00:00+00:00, run_after=2024-02-10T06:00:00+00:00
[2024-02-09T23:09:53.877+0000] {processor.py:183} INFO - Processing /opt/airflow/dags/etl_dag.py took 9.019 seconds
[2024-02-09T23:10:24.822+0000] {processor.py:161} INFO - Started process (PID=61) to work on /opt/airflow/dags/etl_dag.py
[2024-02-09T23:10:24.825+0000] {processor.py:830} INFO - Processing file /opt/airflow/dags/etl_dag.py for tasks to queue
[2024-02-09T23:10:24.830+0000] {logging_mixin.py:188} INFO - [2024-02-09T23:10:24.830+0000] {dagbag.py:538} INFO - Filling up the DagBag from /opt/airflow/dags/etl_dag.py
[2024-02-09T23:10:26.140+0000] {processor.py:840} INFO - DAG(s) 'etl_weather_data' retrieved from /opt/airflow/dags/etl_dag.py
[2024-02-09T23:10:26.432+0000] {logging_mixin.py:188} INFO - [2024-02-09T23:10:26.431+0000] {dag.py:3033} INFO - Sync 1 DAGs
[2024-02-09T23:10:26.484+0000] {logging_mixin.py:188} INFO - [2024-02-09T23:10:26.484+0000] {dag.py:3820} INFO - Setting next_dagrun for etl_weather_data to 2024-02-10T00:00:00+00:00, run_after=2024-02-10T06:00:00+00:00
[2024-02-09T23:10:26.527+0000] {processor.py:183} INFO - Processing /opt/airflow/dags/etl_dag.py took 1.712 seconds
[2024-02-09T23:10:57.572+0000] {processor.py:161} INFO - Started process (PID=69) to work on /opt/airflow/dags/etl_dag.py
[2024-02-09T23:10:57.585+0000] {processor.py:830} INFO - Processing file /opt/airflow/dags/etl_dag.py for tasks to queue
[2024-02-09T23:10:57.673+0000] {logging_mixin.py:188} INFO - [2024-02-09T23:10:57.673+0000] {dagbag.py:538} INFO - Filling up the DagBag from /opt/airflow/dags/etl_dag.py
[2024-02-09T23:11:01.225+0000] {processor.py:840} INFO - DAG(s) 'etl_weather_data' retrieved from /opt/airflow/dags/etl_dag.py
[2024-02-09T23:11:01.873+0000] {logging_mixin.py:188} INFO - [2024-02-09T23:11:01.871+0000] {dag.py:3033} INFO - Sync 1 DAGs
[2024-02-09T23:11:02.027+0000] {logging_mixin.py:188} INFO - [2024-02-09T23:11:02.026+0000] {dag.py:3820} INFO - Setting next_dagrun for etl_weather_data to 2024-02-10T00:00:00+00:00, run_after=2024-02-10T06:00:00+00:00
[2024-02-09T23:11:02.119+0000] {processor.py:183} INFO - Processing /opt/airflow/dags/etl_dag.py took 4.706 seconds
[2024-02-09T23:11:32.730+0000] {processor.py:161} INFO - Started process (PID=77) to work on /opt/airflow/dags/etl_dag.py
[2024-02-09T23:11:32.735+0000] {processor.py:830} INFO - Processing file /opt/airflow/dags/etl_dag.py for tasks to queue
[2024-02-09T23:11:32.768+0000] {logging_mixin.py:188} INFO - [2024-02-09T23:11:32.760+0000] {dagbag.py:538} INFO - Filling up the DagBag from /opt/airflow/dags/etl_dag.py
[2024-02-09T23:11:36.456+0000] {processor.py:840} INFO - DAG(s) 'etl_weather_data' retrieved from /opt/airflow/dags/etl_dag.py
[2024-02-09T23:11:37.275+0000] {logging_mixin.py:188} INFO - [2024-02-09T23:11:37.272+0000] {dag.py:3033} INFO - Sync 1 DAGs
[2024-02-09T23:11:37.484+0000] {logging_mixin.py:188} INFO - [2024-02-09T23:11:37.473+0000] {dag.py:3820} INFO - Setting next_dagrun for etl_weather_data to 2024-02-10T00:00:00+00:00, run_after=2024-02-10T06:00:00+00:00
[2024-02-09T23:11:37.645+0000] {processor.py:183} INFO - Processing /opt/airflow/dags/etl_dag.py took 4.955 seconds
[2024-02-09T23:12:08.523+0000] {processor.py:161} INFO - Started process (PID=85) to work on /opt/airflow/dags/etl_dag.py
[2024-02-09T23:12:08.533+0000] {processor.py:830} INFO - Processing file /opt/airflow/dags/etl_dag.py for tasks to queue
[2024-02-09T23:12:08.566+0000] {logging_mixin.py:188} INFO - [2024-02-09T23:12:08.555+0000] {dagbag.py:538} INFO - Filling up the DagBag from /opt/airflow/dags/etl_dag.py
[2024-02-09T23:12:12.323+0000] {processor.py:840} INFO - DAG(s) 'etl_weather_data' retrieved from /opt/airflow/dags/etl_dag.py
[2024-02-09T23:12:13.070+0000] {logging_mixin.py:188} INFO - [2024-02-09T23:12:13.068+0000] {dag.py:3033} INFO - Sync 1 DAGs
[2024-02-09T23:12:13.250+0000] {logging_mixin.py:188} INFO - [2024-02-09T23:12:13.250+0000] {dag.py:3820} INFO - Setting next_dagrun for etl_weather_data to 2024-02-10T00:00:00+00:00, run_after=2024-02-10T06:00:00+00:00
[2024-02-09T23:12:13.400+0000] {processor.py:183} INFO - Processing /opt/airflow/dags/etl_dag.py took 4.914 seconds
[2024-02-09T23:12:44.212+0000] {processor.py:161} INFO - Started process (PID=97) to work on /opt/airflow/dags/etl_dag.py
[2024-02-09T23:12:44.221+0000] {processor.py:830} INFO - Processing file /opt/airflow/dags/etl_dag.py for tasks to queue
[2024-02-09T23:12:44.235+0000] {logging_mixin.py:188} INFO - [2024-02-09T23:12:44.234+0000] {dagbag.py:538} INFO - Filling up the DagBag from /opt/airflow/dags/etl_dag.py
[2024-02-09T23:12:47.841+0000] {processor.py:840} INFO - DAG(s) 'etl_weather_data' retrieved from /opt/airflow/dags/etl_dag.py
[2024-02-09T23:12:48.592+0000] {logging_mixin.py:188} INFO - [2024-02-09T23:12:48.589+0000] {dag.py:3033} INFO - Sync 1 DAGs
[2024-02-09T23:12:48.750+0000] {logging_mixin.py:188} INFO - [2024-02-09T23:12:48.750+0000] {dag.py:3820} INFO - Setting next_dagrun for etl_weather_data to 2024-02-10T00:00:00+00:00, run_after=2024-02-10T06:00:00+00:00
[2024-02-09T23:12:48.896+0000] {processor.py:183} INFO - Processing /opt/airflow/dags/etl_dag.py took 4.704 seconds
[2024-02-09T23:13:19.579+0000] {processor.py:161} INFO - Started process (PID=105) to work on /opt/airflow/dags/etl_dag.py
[2024-02-09T23:13:19.581+0000] {processor.py:830} INFO - Processing file /opt/airflow/dags/etl_dag.py for tasks to queue
[2024-02-09T23:13:19.591+0000] {logging_mixin.py:188} INFO - [2024-02-09T23:13:19.590+0000] {dagbag.py:538} INFO - Filling up the DagBag from /opt/airflow/dags/etl_dag.py
[2024-02-09T23:13:22.037+0000] {processor.py:840} INFO - DAG(s) 'etl_weather_data' retrieved from /opt/airflow/dags/etl_dag.py
[2024-02-09T23:13:22.742+0000] {logging_mixin.py:188} INFO - [2024-02-09T23:13:22.740+0000] {dag.py:3033} INFO - Sync 1 DAGs
[2024-02-09T23:13:22.897+0000] {logging_mixin.py:188} INFO - [2024-02-09T23:13:22.897+0000] {dag.py:3820} INFO - Setting next_dagrun for etl_weather_data to 2024-02-10T00:00:00+00:00, run_after=2024-02-10T06:00:00+00:00
[2024-02-09T23:13:23.011+0000] {processor.py:183} INFO - Processing /opt/airflow/dags/etl_dag.py took 3.450 seconds
[2024-02-09T23:13:53.341+0000] {processor.py:161} INFO - Started process (PID=112) to work on /opt/airflow/dags/etl_dag.py
[2024-02-09T23:13:53.345+0000] {processor.py:830} INFO - Processing file /opt/airflow/dags/etl_dag.py for tasks to queue
[2024-02-09T23:13:53.357+0000] {logging_mixin.py:188} INFO - [2024-02-09T23:13:53.357+0000] {dagbag.py:538} INFO - Filling up the DagBag from /opt/airflow/dags/etl_dag.py
[2024-02-09T23:13:55.754+0000] {processor.py:840} INFO - DAG(s) 'etl_weather_data' retrieved from /opt/airflow/dags/etl_dag.py
[2024-02-09T23:13:56.398+0000] {logging_mixin.py:188} INFO - [2024-02-09T23:13:56.395+0000] {dag.py:3033} INFO - Sync 1 DAGs
[2024-02-09T23:13:56.563+0000] {logging_mixin.py:188} INFO - [2024-02-09T23:13:56.562+0000] {dag.py:3820} INFO - Setting next_dagrun for etl_weather_data to 2024-02-10T00:00:00+00:00, run_after=2024-02-10T06:00:00+00:00
[2024-02-09T23:13:56.656+0000] {processor.py:183} INFO - Processing /opt/airflow/dags/etl_dag.py took 3.339 seconds
[2024-02-09T23:14:28.298+0000] {processor.py:161} INFO - Started process (PID=120) to work on /opt/airflow/dags/etl_dag.py
[2024-02-09T23:14:28.313+0000] {processor.py:830} INFO - Processing file /opt/airflow/dags/etl_dag.py for tasks to queue
[2024-02-09T23:14:28.377+0000] {logging_mixin.py:188} INFO - [2024-02-09T23:14:28.360+0000] {dagbag.py:538} INFO - Filling up the DagBag from /opt/airflow/dags/etl_dag.py
[2024-02-09T23:14:52.368+0000] {processor.py:840} INFO - DAG(s) 'etl_weather_data' retrieved from /opt/airflow/dags/etl_dag.py
[2024-02-09T23:14:57.334+0000] {logging_mixin.py:188} INFO - [2024-02-09T23:14:57.288+0000] {dag.py:3033} INFO - Sync 1 DAGs
[2024-02-09T23:14:59.306+0000] {logging_mixin.py:188} INFO - [2024-02-09T23:14:59.297+0000] {dag.py:3820} INFO - Setting next_dagrun for etl_weather_data to 2024-02-10T00:00:00+00:00, run_after=2024-02-10T06:00:00+00:00
[2024-02-09T23:15:00.470+0000] {processor.py:183} INFO - Processing /opt/airflow/dags/etl_dag.py took 32.245 seconds
[2024-02-09T23:15:33.196+0000] {processor.py:161} INFO - Started process (PID=133) to work on /opt/airflow/dags/etl_dag.py
[2024-02-09T23:15:33.265+0000] {processor.py:830} INFO - Processing file /opt/airflow/dags/etl_dag.py for tasks to queue
[2024-02-09T23:15:33.396+0000] {logging_mixin.py:188} INFO - [2024-02-09T23:15:33.361+0000] {dagbag.py:538} INFO - Filling up the DagBag from /opt/airflow/dags/etl_dag.py
[2024-02-09T23:16:02.695+0000] {processor.py:840} INFO - DAG(s) 'etl_weather_data' retrieved from /opt/airflow/dags/etl_dag.py
[2024-02-09T23:16:08.840+0000] {logging_mixin.py:188} INFO - [2024-02-09T23:16:08.830+0000] {dag.py:3033} INFO - Sync 1 DAGs
[2024-02-09T23:16:10.204+0000] {logging_mixin.py:188} INFO - [2024-02-09T23:16:10.202+0000] {dag.py:3820} INFO - Setting next_dagrun for etl_weather_data to 2024-02-10T00:00:00+00:00, run_after=2024-02-10T06:00:00+00:00
[2024-02-09T23:16:11.399+0000] {processor.py:183} INFO - Processing /opt/airflow/dags/etl_dag.py took 38.475 seconds
[2024-02-09T23:16:43.836+0000] {processor.py:161} INFO - Started process (PID=146) to work on /opt/airflow/dags/etl_dag.py
[2024-02-09T23:16:43.884+0000] {processor.py:830} INFO - Processing file /opt/airflow/dags/etl_dag.py for tasks to queue
[2024-02-09T23:16:44.004+0000] {logging_mixin.py:188} INFO - [2024-02-09T23:16:44.001+0000] {dagbag.py:538} INFO - Filling up the DagBag from /opt/airflow/dags/etl_dag.py
[2024-02-09T23:17:14.361+0000] {logging_mixin.py:188} INFO - [2024-02-09T23:17:14.349+0000] {timeout.py:68} ERROR - Process timed out, PID: 146
[2024-02-09T23:17:14.606+0000] {logging_mixin.py:188} INFO - [2024-02-09T23:17:14.375+0000] {dagbag.py:348} ERROR - Failed to import: /opt/airflow/dags/etl_dag.py
Traceback (most recent call last):
  File "/home/airflow/.local/lib/python3.8/site-packages/airflow/models/dagbag.py", line 344, in parse
    loader.exec_module(new_module)
  File "<frozen importlib._bootstrap_external>", line 843, in exec_module
  File "<frozen importlib._bootstrap>", line 219, in _call_with_frames_removed
  File "/opt/airflow/dags/etl_dag.py", line 5, in <module>
    import pandas as pd
  File "/home/airflow/.local/lib/python3.8/site-packages/pandas/__init__.py", line 118, in <module>
    from pandas.core.computation.api import eval
  File "/home/airflow/.local/lib/python3.8/site-packages/pandas/core/computation/api.py", line 2, in <module>
    from pandas.core.computation.eval import eval
  File "/home/airflow/.local/lib/python3.8/site-packages/pandas/core/computation/eval.py", line 15, in <module>
    from pandas.core.computation.engines import ENGINES
  File "/home/airflow/.local/lib/python3.8/site-packages/pandas/core/computation/engines.py", line 15, in <module>
    from pandas.core.computation.ops import (
  File "/home/airflow/.local/lib/python3.8/site-packages/pandas/core/computation/ops.py", line 31, in <module>
    from pandas.core.computation.scope import DEFAULT_GLOBALS
  File "<frozen importlib._bootstrap>", line 991, in _find_and_load
  File "<frozen importlib._bootstrap>", line 152, in __exit__
  File "<frozen importlib._bootstrap>", line 104, in release
  File "/home/airflow/.local/lib/python3.8/site-packages/airflow/utils/timeout.py", line 69, in handle_timeout
    raise AirflowTaskTimeout(self.error_message)
airflow.exceptions.AirflowTaskTimeout: DagBag import timeout for /opt/airflow/dags/etl_dag.py after 30.0s.
Please take a look at these docs to improve your DAG import time:
* https://airflow.apache.org/docs/apache-airflow/2.8.0/best-practices.html#top-level-python-code
* https://airflow.apache.org/docs/apache-airflow/2.8.0/best-practices.html#reducing-dag-complexity, PID: 146
[2024-02-09T23:17:14.628+0000] {processor.py:842} WARNING - No viable dags retrieved from /opt/airflow/dags/etl_dag.py
[2024-02-09T23:17:15.517+0000] {processor.py:183} INFO - Processing /opt/airflow/dags/etl_dag.py took 31.869 seconds
[2024-02-09T23:17:48.319+0000] {processor.py:161} INFO - Started process (PID=160) to work on /opt/airflow/dags/etl_dag.py
[2024-02-09T23:17:48.359+0000] {processor.py:830} INFO - Processing file /opt/airflow/dags/etl_dag.py for tasks to queue
[2024-02-09T23:17:48.522+0000] {logging_mixin.py:188} INFO - [2024-02-09T23:17:48.494+0000] {dagbag.py:538} INFO - Filling up the DagBag from /opt/airflow/dags/etl_dag.py
[2024-02-09T23:18:22.907+0000] {logging_mixin.py:188} INFO - [2024-02-09T23:18:22.888+0000] {timeout.py:68} ERROR - Process timed out, PID: 160
[2024-02-09T23:18:22.925+0000] {logging_mixin.py:188} WARNING - Exception ignored in: <function _collection_gced at 0x7fabd4ed2ee0>
[2024-02-09T23:18:22.933+0000] {logging_mixin.py:188} WARNING - Traceback (most recent call last):
[2024-02-09T23:18:22.995+0000] {logging_mixin.py:188} WARNING -   File "/home/airflow/.local/lib/python3.8/site-packages/sqlalchemy/event/registry.py", line 53, in _collection_gced
[2024-02-09T23:18:23.016+0000] {logging_mixin.py:188} WARNING -     def _collection_gced(ref):
[2024-02-09T23:18:23.034+0000] {logging_mixin.py:188} WARNING -   File "/home/airflow/.local/lib/python3.8/site-packages/airflow/utils/timeout.py", line 69, in handle_timeout
[2024-02-09T23:18:23.068+0000] {logging_mixin.py:188} WARNING -     raise AirflowTaskTimeout(self.error_message)
[2024-02-09T23:18:23.082+0000] {logging_mixin.py:188} WARNING - airflow.exceptions.AirflowTaskTimeout: DagBag import timeout for /opt/airflow/dags/etl_dag.py after 30.0s.
Please take a look at these docs to improve your DAG import time:
* https://airflow.apache.org/docs/apache-airflow/2.8.0/best-practices.html#top-level-python-code
* https://airflow.apache.org/docs/apache-airflow/2.8.0/best-practices.html#reducing-dag-complexity, PID: 160
[2024-02-09T23:18:30.330+0000] {processor.py:840} INFO - DAG(s) 'etl_weather_data' retrieved from /opt/airflow/dags/etl_dag.py
[2024-02-09T23:19:09.012+0000] {processor.py:161} INFO - Started process (PID=181) to work on /opt/airflow/dags/etl_dag.py
[2024-02-09T23:19:09.040+0000] {processor.py:830} INFO - Processing file /opt/airflow/dags/etl_dag.py for tasks to queue
[2024-02-09T23:19:09.156+0000] {logging_mixin.py:188} INFO - [2024-02-09T23:19:09.133+0000] {dagbag.py:538} INFO - Filling up the DagBag from /opt/airflow/dags/etl_dag.py
[2024-02-09T23:19:40.069+0000] {logging_mixin.py:188} INFO - [2024-02-09T23:19:40.057+0000] {timeout.py:68} ERROR - Process timed out, PID: 181
[2024-02-09T23:19:40.087+0000] {logging_mixin.py:188} WARNING - Exception ignored in: <function _collection_gced at 0x7fabd4ed2ee0>
[2024-02-09T23:19:40.103+0000] {logging_mixin.py:188} WARNING - Traceback (most recent call last):
[2024-02-09T23:19:40.122+0000] {logging_mixin.py:188} WARNING -   File "/home/airflow/.local/lib/python3.8/site-packages/sqlalchemy/event/registry.py", line 53, in _collection_gced
[2024-02-09T23:19:40.137+0000] {logging_mixin.py:188} WARNING -     def _collection_gced(ref):
[2024-02-09T23:19:40.154+0000] {logging_mixin.py:188} WARNING -   File "/home/airflow/.local/lib/python3.8/site-packages/airflow/utils/timeout.py", line 69, in handle_timeout
[2024-02-09T23:19:40.174+0000] {logging_mixin.py:188} WARNING -     raise AirflowTaskTimeout(self.error_message)
[2024-02-09T23:19:40.208+0000] {logging_mixin.py:188} WARNING - airflow.exceptions.AirflowTaskTimeout: DagBag import timeout for /opt/airflow/dags/etl_dag.py after 30.0s.
Please take a look at these docs to improve your DAG import time:
* https://airflow.apache.org/docs/apache-airflow/2.8.0/best-practices.html#top-level-python-code
* https://airflow.apache.org/docs/apache-airflow/2.8.0/best-practices.html#reducing-dag-complexity, PID: 181
[2024-02-09T23:19:52.899+0000] {processor.py:840} INFO - DAG(s) 'etl_weather_data' retrieved from /opt/airflow/dags/etl_dag.py
[2024-02-09T23:19:58.568+0000] {logging_mixin.py:188} INFO - [2024-02-09T23:19:58.497+0000] {dag.py:3033} INFO - Sync 1 DAGs
[2024-02-09T23:20:29.524+0000] {processor.py:161} INFO - Started process (PID=196) to work on /opt/airflow/dags/etl_dag.py
[2024-02-09T23:20:29.538+0000] {processor.py:830} INFO - Processing file /opt/airflow/dags/etl_dag.py for tasks to queue
[2024-02-09T23:20:29.554+0000] {logging_mixin.py:188} INFO - [2024-02-09T23:20:29.548+0000] {dagbag.py:538} INFO - Filling up the DagBag from /opt/airflow/dags/etl_dag.py
[2024-02-09T23:20:45.177+0000] {processor.py:840} INFO - DAG(s) 'etl_weather_data' retrieved from /opt/airflow/dags/etl_dag.py
[2024-02-09T23:20:48.576+0000] {logging_mixin.py:188} INFO - [2024-02-09T23:20:48.569+0000] {dag.py:3033} INFO - Sync 1 DAGs
[2024-02-09T23:20:49.226+0000] {logging_mixin.py:188} INFO - [2024-02-09T23:20:49.220+0000] {dag.py:3820} INFO - Setting next_dagrun for etl_weather_data to 2024-02-10T00:00:00+00:00, run_after=2024-02-10T06:00:00+00:00
[2024-02-09T23:20:49.855+0000] {processor.py:183} INFO - Processing /opt/airflow/dags/etl_dag.py took 20.440 seconds
[2024-02-09T23:21:22.598+0000] {processor.py:161} INFO - Started process (PID=208) to work on /opt/airflow/dags/etl_dag.py
[2024-02-09T23:21:22.647+0000] {processor.py:830} INFO - Processing file /opt/airflow/dags/etl_dag.py for tasks to queue
[2024-02-09T23:21:22.699+0000] {logging_mixin.py:188} INFO - [2024-02-09T23:21:22.683+0000] {dagbag.py:538} INFO - Filling up the DagBag from /opt/airflow/dags/etl_dag.py
[2024-02-09T23:21:50.189+0000] {processor.py:840} INFO - DAG(s) 'etl_weather_data' retrieved from /opt/airflow/dags/etl_dag.py
[2024-02-09T23:21:54.905+0000] {logging_mixin.py:188} INFO - [2024-02-09T23:21:54.875+0000] {dag.py:3033} INFO - Sync 1 DAGs
[2024-02-09T23:21:56.193+0000] {logging_mixin.py:188} INFO - [2024-02-09T23:21:56.180+0000] {dag.py:3820} INFO - Setting next_dagrun for etl_weather_data to 2024-02-10T00:00:00+00:00, run_after=2024-02-10T06:00:00+00:00
[2024-02-09T23:21:56.726+0000] {processor.py:183} INFO - Processing /opt/airflow/dags/etl_dag.py took 34.354 seconds
[2024-02-09T23:22:28.021+0000] {processor.py:161} INFO - Started process (PID=221) to work on /opt/airflow/dags/etl_dag.py
[2024-02-09T23:22:28.044+0000] {processor.py:830} INFO - Processing file /opt/airflow/dags/etl_dag.py for tasks to queue
[2024-02-09T23:22:28.063+0000] {logging_mixin.py:188} INFO - [2024-02-09T23:22:28.059+0000] {dagbag.py:538} INFO - Filling up the DagBag from /opt/airflow/dags/etl_dag.py
[2024-02-09T23:22:40.506+0000] {processor.py:840} INFO - DAG(s) 'etl_weather_data' retrieved from /opt/airflow/dags/etl_dag.py
[2024-02-09T23:22:42.992+0000] {logging_mixin.py:188} INFO - [2024-02-09T23:22:42.974+0000] {dag.py:3033} INFO - Sync 1 DAGs
[2024-02-09T23:22:43.635+0000] {logging_mixin.py:188} INFO - [2024-02-09T23:22:43.624+0000] {dag.py:3820} INFO - Setting next_dagrun for etl_weather_data to 2024-02-10T00:00:00+00:00, run_after=2024-02-10T06:00:00+00:00
[2024-02-09T23:22:44.239+0000] {processor.py:183} INFO - Processing /opt/airflow/dags/etl_dag.py took 16.318 seconds
[2024-02-09T23:23:15.627+0000] {processor.py:161} INFO - Started process (PID=229) to work on /opt/airflow/dags/etl_dag.py
[2024-02-09T23:23:15.646+0000] {processor.py:830} INFO - Processing file /opt/airflow/dags/etl_dag.py for tasks to queue
[2024-02-09T23:23:15.673+0000] {logging_mixin.py:188} INFO - [2024-02-09T23:23:15.659+0000] {dagbag.py:538} INFO - Filling up the DagBag from /opt/airflow/dags/etl_dag.py
[2024-02-09T23:23:26.776+0000] {processor.py:840} INFO - DAG(s) 'etl_weather_data' retrieved from /opt/airflow/dags/etl_dag.py
[2024-02-09T23:23:30.849+0000] {logging_mixin.py:188} INFO - [2024-02-09T23:23:30.834+0000] {dag.py:3033} INFO - Sync 1 DAGs
[2024-02-09T23:23:31.442+0000] {logging_mixin.py:188} INFO - [2024-02-09T23:23:31.439+0000] {dag.py:3820} INFO - Setting next_dagrun for etl_weather_data to 2024-02-10T00:00:00+00:00, run_after=2024-02-10T06:00:00+00:00
[2024-02-09T23:23:32.177+0000] {processor.py:183} INFO - Processing /opt/airflow/dags/etl_dag.py took 16.775 seconds
[2024-02-09T23:24:03.109+0000] {processor.py:161} INFO - Started process (PID=242) to work on /opt/airflow/dags/etl_dag.py
[2024-02-09T23:24:03.131+0000] {processor.py:830} INFO - Processing file /opt/airflow/dags/etl_dag.py for tasks to queue
[2024-02-09T23:24:03.156+0000] {logging_mixin.py:188} INFO - [2024-02-09T23:24:03.148+0000] {dagbag.py:538} INFO - Filling up the DagBag from /opt/airflow/dags/etl_dag.py
[2024-02-09T23:24:15.494+0000] {processor.py:840} INFO - DAG(s) 'etl_weather_data' retrieved from /opt/airflow/dags/etl_dag.py
[2024-02-09T23:24:20.637+0000] {logging_mixin.py:188} INFO - [2024-02-09T23:24:20.618+0000] {dag.py:3033} INFO - Sync 1 DAGs
[2024-02-09T23:24:21.756+0000] {logging_mixin.py:188} INFO - [2024-02-09T23:24:21.740+0000] {dag.py:3820} INFO - Setting next_dagrun for etl_weather_data to 2024-02-10T00:00:00+00:00, run_after=2024-02-10T06:00:00+00:00
[2024-02-09T23:24:22.749+0000] {processor.py:183} INFO - Processing /opt/airflow/dags/etl_dag.py took 19.692 seconds
[2024-02-09T23:24:55.031+0000] {processor.py:161} INFO - Started process (PID=256) to work on /opt/airflow/dags/etl_dag.py
[2024-02-09T23:24:55.052+0000] {processor.py:830} INFO - Processing file /opt/airflow/dags/etl_dag.py for tasks to queue
[2024-02-09T23:24:55.106+0000] {logging_mixin.py:188} INFO - [2024-02-09T23:24:55.102+0000] {dagbag.py:538} INFO - Filling up the DagBag from /opt/airflow/dags/etl_dag.py
[2024-02-09T23:25:17.670+0000] {processor.py:840} INFO - DAG(s) 'etl_weather_data' retrieved from /opt/airflow/dags/etl_dag.py
[2024-02-09T23:25:24.295+0000] {logging_mixin.py:188} INFO - [2024-02-09T23:25:24.276+0000] {dag.py:3033} INFO - Sync 1 DAGs
[2024-02-09T23:25:26.193+0000] {logging_mixin.py:188} INFO - [2024-02-09T23:25:26.174+0000] {dag.py:3820} INFO - Setting next_dagrun for etl_weather_data to 2024-02-10T00:00:00+00:00, run_after=2024-02-10T06:00:00+00:00
[2024-02-09T23:25:27.211+0000] {processor.py:183} INFO - Processing /opt/airflow/dags/etl_dag.py took 32.399 seconds
[2024-02-09T23:25:59.430+0000] {processor.py:161} INFO - Started process (PID=270) to work on /opt/airflow/dags/etl_dag.py
[2024-02-09T23:25:59.534+0000] {processor.py:830} INFO - Processing file /opt/airflow/dags/etl_dag.py for tasks to queue
[2024-02-09T23:25:59.679+0000] {logging_mixin.py:188} INFO - [2024-02-09T23:25:59.587+0000] {dagbag.py:538} INFO - Filling up the DagBag from /opt/airflow/dags/etl_dag.py
[2024-02-09T23:26:20.953+0000] {processor.py:840} INFO - DAG(s) 'etl_weather_data' retrieved from /opt/airflow/dags/etl_dag.py
[2024-02-09T23:26:27.713+0000] {logging_mixin.py:188} INFO - [2024-02-09T23:26:27.705+0000] {dag.py:3033} INFO - Sync 1 DAGs
[2024-02-09T23:26:28.689+0000] {logging_mixin.py:188} INFO - [2024-02-09T23:26:28.686+0000] {dag.py:3820} INFO - Setting next_dagrun for etl_weather_data to 2024-02-10T00:00:00+00:00, run_after=2024-02-10T06:00:00+00:00
[2024-02-09T23:26:29.654+0000] {processor.py:183} INFO - Processing /opt/airflow/dags/etl_dag.py took 30.587 seconds
[2024-02-09T23:27:01.358+0000] {processor.py:161} INFO - Started process (PID=283) to work on /opt/airflow/dags/etl_dag.py
[2024-02-09T23:27:01.431+0000] {processor.py:830} INFO - Processing file /opt/airflow/dags/etl_dag.py for tasks to queue
[2024-02-09T23:27:01.590+0000] {logging_mixin.py:188} INFO - [2024-02-09T23:27:01.553+0000] {dagbag.py:538} INFO - Filling up the DagBag from /opt/airflow/dags/etl_dag.py
[2024-02-09T23:27:26.102+0000] {processor.py:840} INFO - DAG(s) 'etl_weather_data' retrieved from /opt/airflow/dags/etl_dag.py
[2024-02-09T23:27:33.017+0000] {logging_mixin.py:188} INFO - [2024-02-09T23:27:33.005+0000] {dag.py:3033} INFO - Sync 1 DAGs
[2024-02-09T23:27:34.754+0000] {logging_mixin.py:188} INFO - [2024-02-09T23:27:34.750+0000] {dag.py:3820} INFO - Setting next_dagrun for etl_weather_data to 2024-02-10T00:00:00+00:00, run_after=2024-02-10T06:00:00+00:00
[2024-02-09T23:27:35.633+0000] {processor.py:183} INFO - Processing /opt/airflow/dags/etl_dag.py took 34.628 seconds
[2024-02-09T23:28:07.210+0000] {processor.py:161} INFO - Started process (PID=297) to work on /opt/airflow/dags/etl_dag.py
[2024-02-09T23:28:07.245+0000] {processor.py:830} INFO - Processing file /opt/airflow/dags/etl_dag.py for tasks to queue
[2024-02-09T23:28:07.329+0000] {logging_mixin.py:188} INFO - [2024-02-09T23:28:07.298+0000] {dagbag.py:538} INFO - Filling up the DagBag from /opt/airflow/dags/etl_dag.py
[2024-02-09T23:28:35.994+0000] {processor.py:840} INFO - DAG(s) 'etl_weather_data' retrieved from /opt/airflow/dags/etl_dag.py
[2024-02-09T23:28:43.734+0000] {logging_mixin.py:188} INFO - [2024-02-09T23:28:43.700+0000] {dag.py:3033} INFO - Sync 1 DAGs
[2024-02-09T23:28:45.508+0000] {logging_mixin.py:188} INFO - [2024-02-09T23:28:45.462+0000] {dag.py:3820} INFO - Setting next_dagrun for etl_weather_data to 2024-02-10T00:00:00+00:00, run_after=2024-02-10T06:00:00+00:00
[2024-02-09T23:28:47.441+0000] {processor.py:183} INFO - Processing /opt/airflow/dags/etl_dag.py took 40.428 seconds
[2024-02-09T23:29:20.351+0000] {processor.py:161} INFO - Started process (PID=311) to work on /opt/airflow/dags/etl_dag.py
[2024-02-09T23:29:20.420+0000] {processor.py:830} INFO - Processing file /opt/airflow/dags/etl_dag.py for tasks to queue
[2024-02-09T23:29:20.495+0000] {logging_mixin.py:188} INFO - [2024-02-09T23:29:20.457+0000] {dagbag.py:538} INFO - Filling up the DagBag from /opt/airflow/dags/etl_dag.py
[2024-02-09T23:29:51.289+0000] {processor.py:840} INFO - DAG(s) 'etl_weather_data' retrieved from /opt/airflow/dags/etl_dag.py
[2024-02-09T23:29:58.263+0000] {logging_mixin.py:188} INFO - [2024-02-09T23:29:58.232+0000] {dag.py:3033} INFO - Sync 1 DAGs
[2024-02-09T23:29:59.109+0000] {logging_mixin.py:188} INFO - [2024-02-09T23:29:59.107+0000] {dag.py:3820} INFO - Setting next_dagrun for etl_weather_data to 2024-02-10T00:00:00+00:00, run_after=2024-02-10T06:00:00+00:00
[2024-02-09T23:30:00.193+0000] {processor.py:183} INFO - Processing /opt/airflow/dags/etl_dag.py took 40.327 seconds
[2024-02-09T23:30:32.744+0000] {processor.py:161} INFO - Started process (PID=325) to work on /opt/airflow/dags/etl_dag.py
[2024-02-09T23:30:32.768+0000] {processor.py:830} INFO - Processing file /opt/airflow/dags/etl_dag.py for tasks to queue
[2024-02-09T23:30:32.828+0000] {logging_mixin.py:188} INFO - [2024-02-09T23:30:32.819+0000] {dagbag.py:538} INFO - Filling up the DagBag from /opt/airflow/dags/etl_dag.py
[2024-02-09T23:31:02.357+0000] {processor.py:840} INFO - DAG(s) 'etl_weather_data' retrieved from /opt/airflow/dags/etl_dag.py
[2024-02-09T23:31:07.112+0000] {logging_mixin.py:188} INFO - [2024-02-09T23:31:07.058+0000] {dag.py:3033} INFO - Sync 1 DAGs
[2024-02-09T23:31:09.062+0000] {logging_mixin.py:188} INFO - [2024-02-09T23:31:09.059+0000] {dag.py:3820} INFO - Setting next_dagrun for etl_weather_data to 2024-02-10T00:00:00+00:00, run_after=2024-02-10T06:00:00+00:00
[2024-02-09T23:31:09.987+0000] {processor.py:183} INFO - Processing /opt/airflow/dags/etl_dag.py took 37.534 seconds
[2024-02-09T23:31:42.941+0000] {processor.py:161} INFO - Started process (PID=339) to work on /opt/airflow/dags/etl_dag.py
[2024-02-09T23:31:43.028+0000] {processor.py:830} INFO - Processing file /opt/airflow/dags/etl_dag.py for tasks to queue
[2024-02-09T23:31:43.109+0000] {logging_mixin.py:188} INFO - [2024-02-09T23:31:43.084+0000] {dagbag.py:538} INFO - Filling up the DagBag from /opt/airflow/dags/etl_dag.py
[2024-02-09T23:31:59.946+0000] {processor.py:840} INFO - DAG(s) 'etl_weather_data' retrieved from /opt/airflow/dags/etl_dag.py
[2024-02-09T23:32:03.995+0000] {logging_mixin.py:188} INFO - [2024-02-09T23:32:03.988+0000] {dag.py:3033} INFO - Sync 1 DAGs
[2024-02-09T23:32:04.465+0000] {logging_mixin.py:188} INFO - [2024-02-09T23:32:04.463+0000] {dag.py:3820} INFO - Setting next_dagrun for etl_weather_data to 2024-02-10T00:00:00+00:00, run_after=2024-02-10T06:00:00+00:00
[2024-02-09T23:32:04.897+0000] {processor.py:183} INFO - Processing /opt/airflow/dags/etl_dag.py took 22.310 seconds
[2024-02-09T23:32:36.241+0000] {processor.py:161} INFO - Started process (PID=353) to work on /opt/airflow/dags/etl_dag.py
[2024-02-09T23:32:36.295+0000] {processor.py:830} INFO - Processing file /opt/airflow/dags/etl_dag.py for tasks to queue
[2024-02-09T23:32:36.346+0000] {logging_mixin.py:188} INFO - [2024-02-09T23:32:36.332+0000] {dagbag.py:538} INFO - Filling up the DagBag from /opt/airflow/dags/etl_dag.py
[2024-02-09T23:32:49.466+0000] {processor.py:840} INFO - DAG(s) 'etl_weather_data' retrieved from /opt/airflow/dags/etl_dag.py
[2024-02-09T23:32:53.561+0000] {logging_mixin.py:188} INFO - [2024-02-09T23:32:53.552+0000] {dag.py:3033} INFO - Sync 1 DAGs
[2024-02-09T23:32:54.278+0000] {logging_mixin.py:188} INFO - [2024-02-09T23:32:54.264+0000] {dag.py:3820} INFO - Setting next_dagrun for etl_weather_data to 2024-02-10T00:00:00+00:00, run_after=2024-02-10T06:00:00+00:00
[2024-02-09T23:32:54.759+0000] {processor.py:183} INFO - Processing /opt/airflow/dags/etl_dag.py took 18.673 seconds
[2024-02-09T23:33:25.610+0000] {processor.py:161} INFO - Started process (PID=367) to work on /opt/airflow/dags/etl_dag.py
[2024-02-09T23:33:25.634+0000] {processor.py:830} INFO - Processing file /opt/airflow/dags/etl_dag.py for tasks to queue
[2024-02-09T23:33:25.664+0000] {logging_mixin.py:188} INFO - [2024-02-09T23:33:25.661+0000] {dagbag.py:538} INFO - Filling up the DagBag from /opt/airflow/dags/etl_dag.py
[2024-02-09T23:33:32.718+0000] {processor.py:840} INFO - DAG(s) 'etl_weather_data' retrieved from /opt/airflow/dags/etl_dag.py
[2024-02-09T23:33:35.396+0000] {logging_mixin.py:188} INFO - [2024-02-09T23:33:35.382+0000] {dag.py:3033} INFO - Sync 1 DAGs
[2024-02-09T23:33:35.828+0000] {logging_mixin.py:188} INFO - [2024-02-09T23:33:35.826+0000] {dag.py:3820} INFO - Setting next_dagrun for etl_weather_data to 2024-02-10T00:00:00+00:00, run_after=2024-02-10T06:00:00+00:00
[2024-02-09T23:33:36.252+0000] {processor.py:183} INFO - Processing /opt/airflow/dags/etl_dag.py took 10.766 seconds
[2024-02-09T23:34:06.975+0000] {processor.py:161} INFO - Started process (PID=375) to work on /opt/airflow/dags/etl_dag.py
[2024-02-09T23:34:06.990+0000] {processor.py:830} INFO - Processing file /opt/airflow/dags/etl_dag.py for tasks to queue
[2024-02-09T23:34:07.001+0000] {logging_mixin.py:188} INFO - [2024-02-09T23:34:06.998+0000] {dagbag.py:538} INFO - Filling up the DagBag from /opt/airflow/dags/etl_dag.py
[2024-02-09T23:34:13.496+0000] {processor.py:840} INFO - DAG(s) 'etl_weather_data' retrieved from /opt/airflow/dags/etl_dag.py
[2024-02-09T23:34:14.799+0000] {logging_mixin.py:188} INFO - [2024-02-09T23:34:14.795+0000] {dag.py:3033} INFO - Sync 1 DAGs
[2024-02-09T23:34:15.051+0000] {logging_mixin.py:188} INFO - [2024-02-09T23:34:15.049+0000] {dag.py:3820} INFO - Setting next_dagrun for etl_weather_data to 2024-02-10T00:00:00+00:00, run_after=2024-02-10T06:00:00+00:00
[2024-02-09T23:34:15.261+0000] {processor.py:183} INFO - Processing /opt/airflow/dags/etl_dag.py took 8.326 seconds
[2024-02-09T23:34:45.641+0000] {processor.py:161} INFO - Started process (PID=382) to work on /opt/airflow/dags/etl_dag.py
[2024-02-09T23:34:45.649+0000] {processor.py:830} INFO - Processing file /opt/airflow/dags/etl_dag.py for tasks to queue
[2024-02-09T23:34:45.658+0000] {logging_mixin.py:188} INFO - [2024-02-09T23:34:45.656+0000] {dagbag.py:538} INFO - Filling up the DagBag from /opt/airflow/dags/etl_dag.py
[2024-02-09T23:34:50.584+0000] {processor.py:840} INFO - DAG(s) 'etl_weather_data' retrieved from /opt/airflow/dags/etl_dag.py
[2024-02-09T23:34:52.423+0000] {logging_mixin.py:188} INFO - [2024-02-09T23:34:52.417+0000] {dag.py:3033} INFO - Sync 1 DAGs
[2024-02-09T23:34:52.776+0000] {logging_mixin.py:188} INFO - [2024-02-09T23:34:52.773+0000] {dag.py:3820} INFO - Setting next_dagrun for etl_weather_data to 2024-02-10T00:00:00+00:00, run_after=2024-02-10T06:00:00+00:00
[2024-02-09T23:34:53.049+0000] {processor.py:183} INFO - Processing /opt/airflow/dags/etl_dag.py took 7.439 seconds
[2024-02-09T23:35:24.179+0000] {processor.py:161} INFO - Started process (PID=396) to work on /opt/airflow/dags/etl_dag.py
[2024-02-09T23:35:24.188+0000] {processor.py:830} INFO - Processing file /opt/airflow/dags/etl_dag.py for tasks to queue
[2024-02-09T23:35:24.197+0000] {logging_mixin.py:188} INFO - [2024-02-09T23:35:24.194+0000] {dagbag.py:538} INFO - Filling up the DagBag from /opt/airflow/dags/etl_dag.py
[2024-02-09T23:35:28.904+0000] {processor.py:840} INFO - DAG(s) 'etl_weather_data' retrieved from /opt/airflow/dags/etl_dag.py
[2024-02-09T23:35:30.385+0000] {logging_mixin.py:188} INFO - [2024-02-09T23:35:30.381+0000] {dag.py:3033} INFO - Sync 1 DAGs
[2024-02-09T23:35:30.585+0000] {logging_mixin.py:188} INFO - [2024-02-09T23:35:30.584+0000] {dag.py:3820} INFO - Setting next_dagrun for etl_weather_data to 2024-02-10T00:00:00+00:00, run_after=2024-02-10T06:00:00+00:00
[2024-02-09T23:35:30.782+0000] {processor.py:183} INFO - Processing /opt/airflow/dags/etl_dag.py took 6.633 seconds
[2024-02-09T23:36:01.313+0000] {processor.py:161} INFO - Started process (PID=404) to work on /opt/airflow/dags/etl_dag.py
[2024-02-09T23:36:01.329+0000] {processor.py:830} INFO - Processing file /opt/airflow/dags/etl_dag.py for tasks to queue
[2024-02-09T23:36:01.341+0000] {logging_mixin.py:188} INFO - [2024-02-09T23:36:01.337+0000] {dagbag.py:538} INFO - Filling up the DagBag from /opt/airflow/dags/etl_dag.py
[2024-02-09T23:36:06.341+0000] {processor.py:840} INFO - DAG(s) 'etl_weather_data' retrieved from /opt/airflow/dags/etl_dag.py
[2024-02-09T23:36:07.818+0000] {logging_mixin.py:188} INFO - [2024-02-09T23:36:07.812+0000] {dag.py:3033} INFO - Sync 1 DAGs
[2024-02-09T23:36:08.155+0000] {logging_mixin.py:188} INFO - [2024-02-09T23:36:08.152+0000] {dag.py:3820} INFO - Setting next_dagrun for etl_weather_data to 2024-02-10T00:00:00+00:00, run_after=2024-02-10T06:00:00+00:00
[2024-02-09T23:36:08.365+0000] {processor.py:183} INFO - Processing /opt/airflow/dags/etl_dag.py took 7.105 seconds
[2024-02-09T23:36:39.283+0000] {processor.py:161} INFO - Started process (PID=412) to work on /opt/airflow/dags/etl_dag.py
[2024-02-09T23:36:39.284+0000] {processor.py:830} INFO - Processing file /opt/airflow/dags/etl_dag.py for tasks to queue
[2024-02-09T23:36:39.296+0000] {logging_mixin.py:188} INFO - [2024-02-09T23:36:39.291+0000] {dagbag.py:538} INFO - Filling up the DagBag from /opt/airflow/dags/etl_dag.py
[2024-02-09T23:36:39.971+0000] {processor.py:840} INFO - DAG(s) 'etl_weather_data' retrieved from /opt/airflow/dags/etl_dag.py
[2024-02-09T23:36:40.190+0000] {logging_mixin.py:188} INFO - [2024-02-09T23:36:40.190+0000] {dag.py:3033} INFO - Sync 1 DAGs
[2024-02-09T23:36:40.215+0000] {logging_mixin.py:188} INFO - [2024-02-09T23:36:40.214+0000] {dag.py:3820} INFO - Setting next_dagrun for etl_weather_data to 2024-02-10T00:00:00+00:00, run_after=2024-02-10T06:00:00+00:00
[2024-02-09T23:36:40.236+0000] {processor.py:183} INFO - Processing /opt/airflow/dags/etl_dag.py took 0.958 seconds
[2024-02-09T23:37:10.628+0000] {processor.py:161} INFO - Started process (PID=421) to work on /opt/airflow/dags/etl_dag.py
[2024-02-09T23:37:10.629+0000] {processor.py:830} INFO - Processing file /opt/airflow/dags/etl_dag.py for tasks to queue
[2024-02-09T23:37:10.630+0000] {logging_mixin.py:188} INFO - [2024-02-09T23:37:10.630+0000] {dagbag.py:538} INFO - Filling up the DagBag from /opt/airflow/dags/etl_dag.py
[2024-02-09T23:37:11.108+0000] {processor.py:840} INFO - DAG(s) 'etl_weather_data' retrieved from /opt/airflow/dags/etl_dag.py
[2024-02-09T23:37:11.210+0000] {logging_mixin.py:188} INFO - [2024-02-09T23:37:11.210+0000] {dag.py:3033} INFO - Sync 1 DAGs
[2024-02-09T23:37:11.230+0000] {logging_mixin.py:188} INFO - [2024-02-09T23:37:11.230+0000] {dag.py:3820} INFO - Setting next_dagrun for etl_weather_data to 2024-02-10T00:00:00+00:00, run_after=2024-02-10T06:00:00+00:00
[2024-02-09T23:37:11.260+0000] {processor.py:183} INFO - Processing /opt/airflow/dags/etl_dag.py took 0.636 seconds
[2024-02-09T23:37:41.568+0000] {processor.py:161} INFO - Started process (PID=429) to work on /opt/airflow/dags/etl_dag.py
[2024-02-09T23:37:41.569+0000] {processor.py:830} INFO - Processing file /opt/airflow/dags/etl_dag.py for tasks to queue
[2024-02-09T23:37:41.570+0000] {logging_mixin.py:188} INFO - [2024-02-09T23:37:41.570+0000] {dagbag.py:538} INFO - Filling up the DagBag from /opt/airflow/dags/etl_dag.py
[2024-02-09T23:37:42.066+0000] {processor.py:840} INFO - DAG(s) 'etl_weather_data' retrieved from /opt/airflow/dags/etl_dag.py
[2024-02-09T23:37:42.168+0000] {logging_mixin.py:188} INFO - [2024-02-09T23:37:42.168+0000] {dag.py:3033} INFO - Sync 1 DAGs
[2024-02-09T23:37:42.189+0000] {logging_mixin.py:188} INFO - [2024-02-09T23:37:42.189+0000] {dag.py:3820} INFO - Setting next_dagrun for etl_weather_data to 2024-02-10T00:00:00+00:00, run_after=2024-02-10T06:00:00+00:00
[2024-02-09T23:37:42.212+0000] {processor.py:183} INFO - Processing /opt/airflow/dags/etl_dag.py took 0.647 seconds
[2024-02-09T23:38:12.532+0000] {processor.py:161} INFO - Started process (PID=437) to work on /opt/airflow/dags/etl_dag.py
[2024-02-09T23:38:12.533+0000] {processor.py:830} INFO - Processing file /opt/airflow/dags/etl_dag.py for tasks to queue
[2024-02-09T23:38:12.534+0000] {logging_mixin.py:188} INFO - [2024-02-09T23:38:12.533+0000] {dagbag.py:538} INFO - Filling up the DagBag from /opt/airflow/dags/etl_dag.py
[2024-02-09T23:38:12.948+0000] {processor.py:840} INFO - DAG(s) 'etl_weather_data' retrieved from /opt/airflow/dags/etl_dag.py
[2024-02-09T23:38:13.050+0000] {logging_mixin.py:188} INFO - [2024-02-09T23:38:13.050+0000] {dag.py:3033} INFO - Sync 1 DAGs
[2024-02-09T23:38:13.071+0000] {logging_mixin.py:188} INFO - [2024-02-09T23:38:13.070+0000] {dag.py:3820} INFO - Setting next_dagrun for etl_weather_data to 2024-02-10T00:00:00+00:00, run_after=2024-02-10T06:00:00+00:00
[2024-02-09T23:38:13.093+0000] {processor.py:183} INFO - Processing /opt/airflow/dags/etl_dag.py took 0.565 seconds
[2024-02-09T23:38:43.548+0000] {processor.py:161} INFO - Started process (PID=445) to work on /opt/airflow/dags/etl_dag.py
[2024-02-09T23:38:43.549+0000] {processor.py:830} INFO - Processing file /opt/airflow/dags/etl_dag.py for tasks to queue
[2024-02-09T23:38:43.550+0000] {logging_mixin.py:188} INFO - [2024-02-09T23:38:43.550+0000] {dagbag.py:538} INFO - Filling up the DagBag from /opt/airflow/dags/etl_dag.py
[2024-02-09T23:38:43.978+0000] {processor.py:840} INFO - DAG(s) 'etl_weather_data' retrieved from /opt/airflow/dags/etl_dag.py
[2024-02-09T23:38:44.083+0000] {logging_mixin.py:188} INFO - [2024-02-09T23:38:44.082+0000] {dag.py:3033} INFO - Sync 1 DAGs
[2024-02-09T23:38:44.104+0000] {logging_mixin.py:188} INFO - [2024-02-09T23:38:44.104+0000] {dag.py:3820} INFO - Setting next_dagrun for etl_weather_data to 2024-02-10T00:00:00+00:00, run_after=2024-02-10T06:00:00+00:00
[2024-02-09T23:38:44.125+0000] {processor.py:183} INFO - Processing /opt/airflow/dags/etl_dag.py took 0.579 seconds
[2024-02-09T23:39:14.410+0000] {processor.py:161} INFO - Started process (PID=453) to work on /opt/airflow/dags/etl_dag.py
[2024-02-09T23:39:14.411+0000] {processor.py:830} INFO - Processing file /opt/airflow/dags/etl_dag.py for tasks to queue
[2024-02-09T23:39:14.412+0000] {logging_mixin.py:188} INFO - [2024-02-09T23:39:14.412+0000] {dagbag.py:538} INFO - Filling up the DagBag from /opt/airflow/dags/etl_dag.py
[2024-02-09T23:39:14.862+0000] {processor.py:840} INFO - DAG(s) 'etl_weather_data' retrieved from /opt/airflow/dags/etl_dag.py
[2024-02-09T23:39:14.969+0000] {logging_mixin.py:188} INFO - [2024-02-09T23:39:14.968+0000] {dag.py:3033} INFO - Sync 1 DAGs
[2024-02-09T23:39:14.988+0000] {logging_mixin.py:188} INFO - [2024-02-09T23:39:14.988+0000] {dag.py:3820} INFO - Setting next_dagrun for etl_weather_data to 2024-02-10T00:00:00+00:00, run_after=2024-02-10T06:00:00+00:00
[2024-02-09T23:39:15.018+0000] {processor.py:183} INFO - Processing /opt/airflow/dags/etl_dag.py took 0.613 seconds
[2024-02-09T23:39:45.309+0000] {processor.py:161} INFO - Started process (PID=461) to work on /opt/airflow/dags/etl_dag.py
[2024-02-09T23:39:45.311+0000] {processor.py:830} INFO - Processing file /opt/airflow/dags/etl_dag.py for tasks to queue
[2024-02-09T23:39:45.312+0000] {logging_mixin.py:188} INFO - [2024-02-09T23:39:45.311+0000] {dagbag.py:538} INFO - Filling up the DagBag from /opt/airflow/dags/etl_dag.py
[2024-02-09T23:39:45.945+0000] {processor.py:840} INFO - DAG(s) 'etl_weather_data' retrieved from /opt/airflow/dags/etl_dag.py
[2024-02-09T23:39:46.128+0000] {logging_mixin.py:188} INFO - [2024-02-09T23:39:46.127+0000] {dag.py:3033} INFO - Sync 1 DAGs
[2024-02-09T23:39:46.153+0000] {logging_mixin.py:188} INFO - [2024-02-09T23:39:46.153+0000] {dag.py:3820} INFO - Setting next_dagrun for etl_weather_data to 2024-02-10T00:00:00+00:00, run_after=2024-02-10T06:00:00+00:00
[2024-02-09T23:39:46.177+0000] {processor.py:183} INFO - Processing /opt/airflow/dags/etl_dag.py took 0.871 seconds
[2024-02-09T23:40:16.463+0000] {processor.py:161} INFO - Started process (PID=469) to work on /opt/airflow/dags/etl_dag.py
[2024-02-09T23:40:16.464+0000] {processor.py:830} INFO - Processing file /opt/airflow/dags/etl_dag.py for tasks to queue
[2024-02-09T23:40:16.465+0000] {logging_mixin.py:188} INFO - [2024-02-09T23:40:16.465+0000] {dagbag.py:538} INFO - Filling up the DagBag from /opt/airflow/dags/etl_dag.py
[2024-02-09T23:40:16.972+0000] {processor.py:840} INFO - DAG(s) 'etl_weather_data' retrieved from /opt/airflow/dags/etl_dag.py
[2024-02-09T23:40:17.085+0000] {logging_mixin.py:188} INFO - [2024-02-09T23:40:17.084+0000] {dag.py:3033} INFO - Sync 1 DAGs
[2024-02-09T23:40:17.109+0000] {logging_mixin.py:188} INFO - [2024-02-09T23:40:17.109+0000] {dag.py:3820} INFO - Setting next_dagrun for etl_weather_data to 2024-02-10T00:00:00+00:00, run_after=2024-02-10T06:00:00+00:00
[2024-02-09T23:40:17.131+0000] {processor.py:183} INFO - Processing /opt/airflow/dags/etl_dag.py took 0.672 seconds
[2024-02-09T23:40:47.402+0000] {processor.py:161} INFO - Started process (PID=477) to work on /opt/airflow/dags/etl_dag.py
[2024-02-09T23:40:47.403+0000] {processor.py:830} INFO - Processing file /opt/airflow/dags/etl_dag.py for tasks to queue
[2024-02-09T23:40:47.405+0000] {logging_mixin.py:188} INFO - [2024-02-09T23:40:47.405+0000] {dagbag.py:538} INFO - Filling up the DagBag from /opt/airflow/dags/etl_dag.py
[2024-02-09T23:40:47.928+0000] {processor.py:840} INFO - DAG(s) 'etl_weather_data' retrieved from /opt/airflow/dags/etl_dag.py
[2024-02-09T23:40:48.043+0000] {logging_mixin.py:188} INFO - [2024-02-09T23:40:48.042+0000] {dag.py:3033} INFO - Sync 1 DAGs
[2024-02-09T23:40:48.068+0000] {logging_mixin.py:188} INFO - [2024-02-09T23:40:48.068+0000] {dag.py:3820} INFO - Setting next_dagrun for etl_weather_data to 2024-02-10T00:00:00+00:00, run_after=2024-02-10T06:00:00+00:00
[2024-02-09T23:40:48.099+0000] {processor.py:183} INFO - Processing /opt/airflow/dags/etl_dag.py took 0.700 seconds
[2024-02-09T23:41:18.385+0000] {processor.py:161} INFO - Started process (PID=485) to work on /opt/airflow/dags/etl_dag.py
[2024-02-09T23:41:18.386+0000] {processor.py:830} INFO - Processing file /opt/airflow/dags/etl_dag.py for tasks to queue
[2024-02-09T23:41:18.388+0000] {logging_mixin.py:188} INFO - [2024-02-09T23:41:18.387+0000] {dagbag.py:538} INFO - Filling up the DagBag from /opt/airflow/dags/etl_dag.py
[2024-02-09T23:41:18.856+0000] {processor.py:840} INFO - DAG(s) 'etl_weather_data' retrieved from /opt/airflow/dags/etl_dag.py
[2024-02-09T23:41:18.971+0000] {logging_mixin.py:188} INFO - [2024-02-09T23:41:18.971+0000] {dag.py:3033} INFO - Sync 1 DAGs
[2024-02-09T23:41:18.994+0000] {logging_mixin.py:188} INFO - [2024-02-09T23:41:18.994+0000] {dag.py:3820} INFO - Setting next_dagrun for etl_weather_data to 2024-02-10T00:00:00+00:00, run_after=2024-02-10T06:00:00+00:00
[2024-02-09T23:41:19.025+0000] {processor.py:183} INFO - Processing /opt/airflow/dags/etl_dag.py took 0.643 seconds
[2024-02-09T23:41:27.065+0000] {processor.py:161} INFO - Started process (PID=493) to work on /opt/airflow/dags/etl_dag.py
[2024-02-09T23:41:27.067+0000] {processor.py:830} INFO - Processing file /opt/airflow/dags/etl_dag.py for tasks to queue
[2024-02-09T23:41:27.068+0000] {logging_mixin.py:188} INFO - [2024-02-09T23:41:27.067+0000] {dagbag.py:538} INFO - Filling up the DagBag from /opt/airflow/dags/etl_dag.py
[2024-02-09T23:41:27.688+0000] {processor.py:840} INFO - DAG(s) 'etl_weather_data' retrieved from /opt/airflow/dags/etl_dag.py
[2024-02-09T23:41:27.702+0000] {logging_mixin.py:188} INFO - [2024-02-09T23:41:27.701+0000] {dag.py:3033} INFO - Sync 1 DAGs
[2024-02-09T23:41:27.734+0000] {logging_mixin.py:188} INFO - [2024-02-09T23:41:27.734+0000] {dag.py:3820} INFO - Setting next_dagrun for etl_weather_data to 2024-02-10T00:00:00+00:00, run_after=2024-02-10T06:00:00+00:00
[2024-02-09T23:41:27.774+0000] {processor.py:183} INFO - Processing /opt/airflow/dags/etl_dag.py took 0.712 seconds
[2024-02-09T23:41:58.131+0000] {processor.py:161} INFO - Started process (PID=501) to work on /opt/airflow/dags/etl_dag.py
[2024-02-09T23:41:58.133+0000] {processor.py:830} INFO - Processing file /opt/airflow/dags/etl_dag.py for tasks to queue
[2024-02-09T23:41:58.134+0000] {logging_mixin.py:188} INFO - [2024-02-09T23:41:58.133+0000] {dagbag.py:538} INFO - Filling up the DagBag from /opt/airflow/dags/etl_dag.py
[2024-02-09T23:41:58.698+0000] {processor.py:840} INFO - DAG(s) 'etl_weather_data' retrieved from /opt/airflow/dags/etl_dag.py
[2024-02-09T23:41:59.023+0000] {logging_mixin.py:188} INFO - [2024-02-09T23:41:59.022+0000] {dag.py:3033} INFO - Sync 1 DAGs
[2024-02-09T23:41:59.054+0000] {logging_mixin.py:188} INFO - [2024-02-09T23:41:59.054+0000] {dag.py:3820} INFO - Setting next_dagrun for etl_weather_data to 2024-02-10T00:00:00+00:00, run_after=2024-02-10T06:00:00+00:00
[2024-02-09T23:41:59.113+0000] {processor.py:183} INFO - Processing /opt/airflow/dags/etl_dag.py took 0.986 seconds
[2024-02-09T23:42:29.442+0000] {processor.py:161} INFO - Started process (PID=509) to work on /opt/airflow/dags/etl_dag.py
[2024-02-09T23:42:29.443+0000] {processor.py:830} INFO - Processing file /opt/airflow/dags/etl_dag.py for tasks to queue
[2024-02-09T23:42:29.444+0000] {logging_mixin.py:188} INFO - [2024-02-09T23:42:29.444+0000] {dagbag.py:538} INFO - Filling up the DagBag from /opt/airflow/dags/etl_dag.py
[2024-02-09T23:42:30.247+0000] {processor.py:840} INFO - DAG(s) 'etl_weather_data' retrieved from /opt/airflow/dags/etl_dag.py
[2024-02-09T23:42:30.355+0000] {logging_mixin.py:188} INFO - [2024-02-09T23:42:30.354+0000] {dag.py:3033} INFO - Sync 1 DAGs
[2024-02-09T23:42:30.378+0000] {logging_mixin.py:188} INFO - [2024-02-09T23:42:30.378+0000] {dag.py:3820} INFO - Setting next_dagrun for etl_weather_data to 2024-02-10T00:00:00+00:00, run_after=2024-02-10T06:00:00+00:00
[2024-02-09T23:42:30.411+0000] {processor.py:183} INFO - Processing /opt/airflow/dags/etl_dag.py took 0.973 seconds
[2024-02-09T23:43:00.724+0000] {processor.py:161} INFO - Started process (PID=517) to work on /opt/airflow/dags/etl_dag.py
[2024-02-09T23:43:00.725+0000] {processor.py:830} INFO - Processing file /opt/airflow/dags/etl_dag.py for tasks to queue
[2024-02-09T23:43:00.726+0000] {logging_mixin.py:188} INFO - [2024-02-09T23:43:00.726+0000] {dagbag.py:538} INFO - Filling up the DagBag from /opt/airflow/dags/etl_dag.py
[2024-02-09T23:43:01.186+0000] {processor.py:840} INFO - DAG(s) 'etl_weather_data' retrieved from /opt/airflow/dags/etl_dag.py
[2024-02-09T23:43:01.308+0000] {logging_mixin.py:188} INFO - [2024-02-09T23:43:01.307+0000] {dag.py:3033} INFO - Sync 1 DAGs
[2024-02-09T23:43:01.330+0000] {logging_mixin.py:188} INFO - [2024-02-09T23:43:01.330+0000] {dag.py:3820} INFO - Setting next_dagrun for etl_weather_data to 2024-02-10T00:00:00+00:00, run_after=2024-02-10T06:00:00+00:00
[2024-02-09T23:43:01.361+0000] {processor.py:183} INFO - Processing /opt/airflow/dags/etl_dag.py took 0.641 seconds
[2024-02-09T23:44:39.062+0000] {processor.py:161} INFO - Started process (PID=34) to work on /opt/airflow/dags/etl_dag.py
[2024-02-09T23:44:39.063+0000] {processor.py:830} INFO - Processing file /opt/airflow/dags/etl_dag.py for tasks to queue
[2024-02-09T23:44:39.066+0000] {logging_mixin.py:188} INFO - [2024-02-09T23:44:39.066+0000] {dagbag.py:538} INFO - Filling up the DagBag from /opt/airflow/dags/etl_dag.py
[2024-02-09T23:44:41.185+0000] {processor.py:840} INFO - DAG(s) 'etl_weather_data' retrieved from /opt/airflow/dags/etl_dag.py
[2024-02-09T23:44:41.531+0000] {logging_mixin.py:188} INFO - [2024-02-09T23:44:41.530+0000] {dag.py:3033} INFO - Sync 1 DAGs
[2024-02-09T23:44:41.568+0000] {logging_mixin.py:188} INFO - [2024-02-09T23:44:41.568+0000] {dag.py:3820} INFO - Setting next_dagrun for etl_weather_data to 2024-02-10T00:00:00+00:00, run_after=2024-02-10T06:00:00+00:00
[2024-02-09T23:44:41.604+0000] {processor.py:183} INFO - Processing /opt/airflow/dags/etl_dag.py took 2.547 seconds
[2024-02-09T23:45:11.876+0000] {processor.py:161} INFO - Started process (PID=42) to work on /opt/airflow/dags/etl_dag.py
[2024-02-09T23:45:11.877+0000] {processor.py:830} INFO - Processing file /opt/airflow/dags/etl_dag.py for tasks to queue
[2024-02-09T23:45:11.879+0000] {logging_mixin.py:188} INFO - [2024-02-09T23:45:11.879+0000] {dagbag.py:538} INFO - Filling up the DagBag from /opt/airflow/dags/etl_dag.py
[2024-02-09T23:45:12.441+0000] {processor.py:840} INFO - DAG(s) 'etl_weather_data' retrieved from /opt/airflow/dags/etl_dag.py
[2024-02-09T23:45:12.597+0000] {logging_mixin.py:188} INFO - [2024-02-09T23:45:12.596+0000] {dag.py:3033} INFO - Sync 1 DAGs
[2024-02-09T23:45:12.616+0000] {logging_mixin.py:188} INFO - [2024-02-09T23:45:12.616+0000] {dag.py:3820} INFO - Setting next_dagrun for etl_weather_data to 2024-02-10T00:00:00+00:00, run_after=2024-02-10T06:00:00+00:00
[2024-02-09T23:45:12.636+0000] {processor.py:183} INFO - Processing /opt/airflow/dags/etl_dag.py took 0.763 seconds
[2024-02-09T23:45:42.943+0000] {processor.py:161} INFO - Started process (PID=56) to work on /opt/airflow/dags/etl_dag.py
[2024-02-09T23:45:42.944+0000] {processor.py:830} INFO - Processing file /opt/airflow/dags/etl_dag.py for tasks to queue
[2024-02-09T23:45:42.947+0000] {logging_mixin.py:188} INFO - [2024-02-09T23:45:42.946+0000] {dagbag.py:538} INFO - Filling up the DagBag from /opt/airflow/dags/etl_dag.py
[2024-02-09T23:45:43.445+0000] {processor.py:840} INFO - DAG(s) 'etl_weather_data' retrieved from /opt/airflow/dags/etl_dag.py
[2024-02-09T23:45:43.978+0000] {logging_mixin.py:188} INFO - [2024-02-09T23:45:43.978+0000] {dag.py:3033} INFO - Sync 1 DAGs
[2024-02-09T23:45:44.010+0000] {logging_mixin.py:188} INFO - [2024-02-09T23:45:44.010+0000] {dag.py:3820} INFO - Setting next_dagrun for etl_weather_data to 2024-02-10T00:00:00+00:00, run_after=2024-02-10T06:00:00+00:00
[2024-02-09T23:45:44.034+0000] {processor.py:183} INFO - Processing /opt/airflow/dags/etl_dag.py took 1.094 seconds
[2024-02-09T23:46:14.328+0000] {processor.py:161} INFO - Started process (PID=64) to work on /opt/airflow/dags/etl_dag.py
[2024-02-09T23:46:14.330+0000] {processor.py:830} INFO - Processing file /opt/airflow/dags/etl_dag.py for tasks to queue
[2024-02-09T23:46:14.334+0000] {logging_mixin.py:188} INFO - [2024-02-09T23:46:14.333+0000] {dagbag.py:538} INFO - Filling up the DagBag from /opt/airflow/dags/etl_dag.py
[2024-02-09T23:46:14.923+0000] {processor.py:840} INFO - DAG(s) 'etl_weather_data' retrieved from /opt/airflow/dags/etl_dag.py
[2024-02-09T23:46:15.031+0000] {logging_mixin.py:188} INFO - [2024-02-09T23:46:15.031+0000] {dag.py:3033} INFO - Sync 1 DAGs
[2024-02-09T23:46:15.053+0000] {logging_mixin.py:188} INFO - [2024-02-09T23:46:15.053+0000] {dag.py:3820} INFO - Setting next_dagrun for etl_weather_data to 2024-02-10T00:00:00+00:00, run_after=2024-02-10T06:00:00+00:00
[2024-02-09T23:46:15.089+0000] {processor.py:183} INFO - Processing /opt/airflow/dags/etl_dag.py took 0.764 seconds
[2024-02-09T23:46:45.501+0000] {processor.py:161} INFO - Started process (PID=72) to work on /opt/airflow/dags/etl_dag.py
[2024-02-09T23:46:45.503+0000] {processor.py:830} INFO - Processing file /opt/airflow/dags/etl_dag.py for tasks to queue
[2024-02-09T23:46:45.509+0000] {logging_mixin.py:188} INFO - [2024-02-09T23:46:45.506+0000] {dagbag.py:538} INFO - Filling up the DagBag from /opt/airflow/dags/etl_dag.py
[2024-02-09T23:46:45.951+0000] {processor.py:840} INFO - DAG(s) 'etl_weather_data' retrieved from /opt/airflow/dags/etl_dag.py
[2024-02-09T23:46:46.067+0000] {logging_mixin.py:188} INFO - [2024-02-09T23:46:46.066+0000] {dag.py:3033} INFO - Sync 1 DAGs
[2024-02-09T23:46:46.088+0000] {logging_mixin.py:188} INFO - [2024-02-09T23:46:46.088+0000] {dag.py:3820} INFO - Setting next_dagrun for etl_weather_data to 2024-02-10T00:00:00+00:00, run_after=2024-02-10T06:00:00+00:00
[2024-02-09T23:46:46.122+0000] {processor.py:183} INFO - Processing /opt/airflow/dags/etl_dag.py took 0.625 seconds
[2024-02-09T23:47:16.441+0000] {processor.py:161} INFO - Started process (PID=80) to work on /opt/airflow/dags/etl_dag.py
[2024-02-09T23:47:16.442+0000] {processor.py:830} INFO - Processing file /opt/airflow/dags/etl_dag.py for tasks to queue
[2024-02-09T23:47:16.445+0000] {logging_mixin.py:188} INFO - [2024-02-09T23:47:16.444+0000] {dagbag.py:538} INFO - Filling up the DagBag from /opt/airflow/dags/etl_dag.py
[2024-02-09T23:47:17.064+0000] {processor.py:840} INFO - DAG(s) 'etl_weather_data' retrieved from /opt/airflow/dags/etl_dag.py
[2024-02-09T23:47:17.199+0000] {logging_mixin.py:188} INFO - [2024-02-09T23:47:17.198+0000] {dag.py:3033} INFO - Sync 1 DAGs
[2024-02-09T23:47:17.223+0000] {logging_mixin.py:188} INFO - [2024-02-09T23:47:17.222+0000] {dag.py:3820} INFO - Setting next_dagrun for etl_weather_data to 2024-02-10T00:00:00+00:00, run_after=2024-02-10T06:00:00+00:00
[2024-02-09T23:47:17.255+0000] {processor.py:183} INFO - Processing /opt/airflow/dags/etl_dag.py took 0.818 seconds
[2024-02-09T23:47:47.559+0000] {processor.py:161} INFO - Started process (PID=88) to work on /opt/airflow/dags/etl_dag.py
[2024-02-09T23:47:47.560+0000] {processor.py:830} INFO - Processing file /opt/airflow/dags/etl_dag.py for tasks to queue
[2024-02-09T23:47:47.562+0000] {logging_mixin.py:188} INFO - [2024-02-09T23:47:47.562+0000] {dagbag.py:538} INFO - Filling up the DagBag from /opt/airflow/dags/etl_dag.py
[2024-02-09T23:47:47.976+0000] {processor.py:840} INFO - DAG(s) 'etl_weather_data' retrieved from /opt/airflow/dags/etl_dag.py
[2024-02-09T23:47:48.070+0000] {logging_mixin.py:188} INFO - [2024-02-09T23:47:48.070+0000] {dag.py:3033} INFO - Sync 1 DAGs
[2024-02-09T23:47:48.090+0000] {logging_mixin.py:188} INFO - [2024-02-09T23:47:48.090+0000] {dag.py:3820} INFO - Setting next_dagrun for etl_weather_data to 2024-02-10T00:00:00+00:00, run_after=2024-02-10T06:00:00+00:00
[2024-02-09T23:47:48.129+0000] {processor.py:183} INFO - Processing /opt/airflow/dags/etl_dag.py took 0.573 seconds
[2024-02-09T23:48:18.518+0000] {processor.py:161} INFO - Started process (PID=96) to work on /opt/airflow/dags/etl_dag.py
[2024-02-09T23:48:18.519+0000] {processor.py:830} INFO - Processing file /opt/airflow/dags/etl_dag.py for tasks to queue
[2024-02-09T23:48:18.521+0000] {logging_mixin.py:188} INFO - [2024-02-09T23:48:18.521+0000] {dagbag.py:538} INFO - Filling up the DagBag from /opt/airflow/dags/etl_dag.py
[2024-02-09T23:48:18.934+0000] {processor.py:840} INFO - DAG(s) 'etl_weather_data' retrieved from /opt/airflow/dags/etl_dag.py
[2024-02-09T23:48:19.054+0000] {logging_mixin.py:188} INFO - [2024-02-09T23:48:19.054+0000] {dag.py:3033} INFO - Sync 1 DAGs
[2024-02-09T23:48:19.078+0000] {logging_mixin.py:188} INFO - [2024-02-09T23:48:19.078+0000] {dag.py:3820} INFO - Setting next_dagrun for etl_weather_data to 2024-02-10T00:00:00+00:00, run_after=2024-02-10T06:00:00+00:00
[2024-02-09T23:48:19.112+0000] {processor.py:183} INFO - Processing /opt/airflow/dags/etl_dag.py took 0.596 seconds
[2024-02-09T23:48:49.400+0000] {processor.py:161} INFO - Started process (PID=104) to work on /opt/airflow/dags/etl_dag.py
[2024-02-09T23:48:49.402+0000] {processor.py:830} INFO - Processing file /opt/airflow/dags/etl_dag.py for tasks to queue
[2024-02-09T23:48:49.404+0000] {logging_mixin.py:188} INFO - [2024-02-09T23:48:49.404+0000] {dagbag.py:538} INFO - Filling up the DagBag from /opt/airflow/dags/etl_dag.py
[2024-02-09T23:48:49.923+0000] {processor.py:840} INFO - DAG(s) 'etl_weather_data' retrieved from /opt/airflow/dags/etl_dag.py
[2024-02-09T23:48:50.034+0000] {logging_mixin.py:188} INFO - [2024-02-09T23:48:50.034+0000] {dag.py:3033} INFO - Sync 1 DAGs
[2024-02-09T23:48:50.065+0000] {logging_mixin.py:188} INFO - [2024-02-09T23:48:50.065+0000] {dag.py:3820} INFO - Setting next_dagrun for etl_weather_data to 2024-02-10T00:00:00+00:00, run_after=2024-02-10T06:00:00+00:00
[2024-02-09T23:48:50.102+0000] {processor.py:183} INFO - Processing /opt/airflow/dags/etl_dag.py took 0.704 seconds
[2024-02-09T23:49:16.054+0000] {processor.py:161} INFO - Started process (PID=113) to work on /opt/airflow/dags/etl_dag.py
[2024-02-09T23:49:16.056+0000] {processor.py:830} INFO - Processing file /opt/airflow/dags/etl_dag.py for tasks to queue
[2024-02-09T23:49:16.059+0000] {logging_mixin.py:188} INFO - [2024-02-09T23:49:16.058+0000] {dagbag.py:538} INFO - Filling up the DagBag from /opt/airflow/dags/etl_dag.py
[2024-02-09T23:49:16.839+0000] {processor.py:840} INFO - DAG(s) 'etl_weather_data' retrieved from /opt/airflow/dags/etl_dag.py
[2024-02-09T23:49:16.859+0000] {logging_mixin.py:188} INFO - [2024-02-09T23:49:16.858+0000] {dag.py:3033} INFO - Sync 1 DAGs
[2024-02-09T23:49:16.897+0000] {logging_mixin.py:188} INFO - [2024-02-09T23:49:16.896+0000] {dag.py:3820} INFO - Setting next_dagrun for etl_weather_data to 2024-02-10T00:00:00+00:00, run_after=2024-02-10T06:00:00+00:00
[2024-02-09T23:49:16.932+0000] {processor.py:183} INFO - Processing /opt/airflow/dags/etl_dag.py took 0.884 seconds
[2024-02-09T23:50:58.477+0000] {processor.py:161} INFO - Started process (PID=40) to work on /opt/airflow/dags/etl_dag.py
[2024-02-09T23:50:58.481+0000] {processor.py:830} INFO - Processing file /opt/airflow/dags/etl_dag.py for tasks to queue
[2024-02-09T23:50:58.490+0000] {logging_mixin.py:188} INFO - [2024-02-09T23:50:58.489+0000] {dagbag.py:538} INFO - Filling up the DagBag from /opt/airflow/dags/etl_dag.py
[2024-02-09T23:51:02.453+0000] {processor.py:840} INFO - DAG(s) 'etl_weather_data' retrieved from /opt/airflow/dags/etl_dag.py
[2024-02-09T23:51:03.463+0000] {logging_mixin.py:188} INFO - [2024-02-09T23:51:03.461+0000] {dag.py:3033} INFO - Sync 1 DAGs
[2024-02-09T23:51:03.543+0000] {logging_mixin.py:188} INFO - [2024-02-09T23:51:03.542+0000] {dag.py:3820} INFO - Setting next_dagrun for etl_weather_data to 2024-02-10T00:00:00+00:00, run_after=2024-02-10T06:00:00+00:00
[2024-02-09T23:51:03.618+0000] {processor.py:183} INFO - Processing /opt/airflow/dags/etl_dag.py took 5.153 seconds
[2024-02-09T23:51:34.177+0000] {processor.py:161} INFO - Started process (PID=48) to work on /opt/airflow/dags/etl_dag.py
[2024-02-09T23:51:34.179+0000] {processor.py:830} INFO - Processing file /opt/airflow/dags/etl_dag.py for tasks to queue
[2024-02-09T23:51:34.187+0000] {logging_mixin.py:188} INFO - [2024-02-09T23:51:34.186+0000] {dagbag.py:538} INFO - Filling up the DagBag from /opt/airflow/dags/etl_dag.py
[2024-02-09T23:51:36.055+0000] {processor.py:840} INFO - DAG(s) 'etl_weather_data' retrieved from /opt/airflow/dags/etl_dag.py
[2024-02-09T23:51:36.375+0000] {logging_mixin.py:188} INFO - [2024-02-09T23:51:36.374+0000] {dag.py:3033} INFO - Sync 1 DAGs
[2024-02-09T23:51:36.440+0000] {logging_mixin.py:188} INFO - [2024-02-09T23:51:36.439+0000] {dag.py:3820} INFO - Setting next_dagrun for etl_weather_data to 2024-02-10T00:00:00+00:00, run_after=2024-02-10T06:00:00+00:00
[2024-02-09T23:51:36.503+0000] {processor.py:183} INFO - Processing /opt/airflow/dags/etl_dag.py took 2.338 seconds
[2024-02-09T23:52:06.837+0000] {processor.py:161} INFO - Started process (PID=56) to work on /opt/airflow/dags/etl_dag.py
[2024-02-09T23:52:06.839+0000] {processor.py:830} INFO - Processing file /opt/airflow/dags/etl_dag.py for tasks to queue
[2024-02-09T23:52:06.846+0000] {logging_mixin.py:188} INFO - [2024-02-09T23:52:06.845+0000] {dagbag.py:538} INFO - Filling up the DagBag from /opt/airflow/dags/etl_dag.py
[2024-02-09T23:52:08.132+0000] {processor.py:840} INFO - DAG(s) 'etl_weather_data' retrieved from /opt/airflow/dags/etl_dag.py
[2024-02-09T23:52:08.428+0000] {logging_mixin.py:188} INFO - [2024-02-09T23:52:08.427+0000] {dag.py:3033} INFO - Sync 1 DAGs
[2024-02-09T23:52:08.510+0000] {logging_mixin.py:188} INFO - [2024-02-09T23:52:08.509+0000] {dag.py:3820} INFO - Setting next_dagrun for etl_weather_data to 2024-02-10T00:00:00+00:00, run_after=2024-02-10T06:00:00+00:00
[2024-02-09T23:52:08.556+0000] {processor.py:183} INFO - Processing /opt/airflow/dags/etl_dag.py took 1.727 seconds
[2024-02-09T23:52:38.761+0000] {processor.py:161} INFO - Started process (PID=64) to work on /opt/airflow/dags/etl_dag.py
[2024-02-09T23:52:38.762+0000] {processor.py:830} INFO - Processing file /opt/airflow/dags/etl_dag.py for tasks to queue
[2024-02-09T23:52:38.766+0000] {logging_mixin.py:188} INFO - [2024-02-09T23:52:38.766+0000] {dagbag.py:538} INFO - Filling up the DagBag from /opt/airflow/dags/etl_dag.py
[2024-02-09T23:52:39.692+0000] {processor.py:840} INFO - DAG(s) 'etl_weather_data' retrieved from /opt/airflow/dags/etl_dag.py
[2024-02-09T23:52:39.949+0000] {logging_mixin.py:188} INFO - [2024-02-09T23:52:39.948+0000] {dag.py:3033} INFO - Sync 1 DAGs
[2024-02-09T23:52:39.997+0000] {logging_mixin.py:188} INFO - [2024-02-09T23:52:39.997+0000] {dag.py:3820} INFO - Setting next_dagrun for etl_weather_data to 2024-02-10T00:00:00+00:00, run_after=2024-02-10T06:00:00+00:00
[2024-02-09T23:52:40.037+0000] {processor.py:183} INFO - Processing /opt/airflow/dags/etl_dag.py took 1.284 seconds
[2024-02-09T23:53:10.158+0000] {processor.py:161} INFO - Started process (PID=72) to work on /opt/airflow/dags/etl_dag.py
[2024-02-09T23:53:10.159+0000] {processor.py:830} INFO - Processing file /opt/airflow/dags/etl_dag.py for tasks to queue
[2024-02-09T23:53:10.162+0000] {logging_mixin.py:188} INFO - [2024-02-09T23:53:10.161+0000] {dagbag.py:538} INFO - Filling up the DagBag from /opt/airflow/dags/etl_dag.py
[2024-02-09T23:53:10.688+0000] {processor.py:840} INFO - DAG(s) 'etl_weather_data' retrieved from /opt/airflow/dags/etl_dag.py
[2024-02-09T23:53:10.795+0000] {logging_mixin.py:188} INFO - [2024-02-09T23:53:10.794+0000] {dag.py:3033} INFO - Sync 1 DAGs
[2024-02-09T23:53:10.815+0000] {logging_mixin.py:188} INFO - [2024-02-09T23:53:10.815+0000] {dag.py:3820} INFO - Setting next_dagrun for etl_weather_data to 2024-02-10T00:00:00+00:00, run_after=2024-02-10T06:00:00+00:00
[2024-02-09T23:53:10.835+0000] {processor.py:183} INFO - Processing /opt/airflow/dags/etl_dag.py took 0.681 seconds
[2024-02-09T23:53:41.076+0000] {processor.py:161} INFO - Started process (PID=80) to work on /opt/airflow/dags/etl_dag.py
[2024-02-09T23:53:41.077+0000] {processor.py:830} INFO - Processing file /opt/airflow/dags/etl_dag.py for tasks to queue
[2024-02-09T23:53:41.080+0000] {logging_mixin.py:188} INFO - [2024-02-09T23:53:41.080+0000] {dagbag.py:538} INFO - Filling up the DagBag from /opt/airflow/dags/etl_dag.py
[2024-02-09T23:53:41.673+0000] {processor.py:840} INFO - DAG(s) 'etl_weather_data' retrieved from /opt/airflow/dags/etl_dag.py
[2024-02-09T23:53:41.876+0000] {logging_mixin.py:188} INFO - [2024-02-09T23:53:41.875+0000] {dag.py:3033} INFO - Sync 1 DAGs
[2024-02-09T23:53:41.913+0000] {logging_mixin.py:188} INFO - [2024-02-09T23:53:41.912+0000] {dag.py:3820} INFO - Setting next_dagrun for etl_weather_data to 2024-02-10T00:00:00+00:00, run_after=2024-02-10T06:00:00+00:00
[2024-02-09T23:53:41.949+0000] {processor.py:183} INFO - Processing /opt/airflow/dags/etl_dag.py took 0.877 seconds
[2024-02-09T23:54:12.273+0000] {processor.py:161} INFO - Started process (PID=88) to work on /opt/airflow/dags/etl_dag.py
[2024-02-09T23:54:12.275+0000] {processor.py:830} INFO - Processing file /opt/airflow/dags/etl_dag.py for tasks to queue
[2024-02-09T23:54:12.278+0000] {logging_mixin.py:188} INFO - [2024-02-09T23:54:12.277+0000] {dagbag.py:538} INFO - Filling up the DagBag from /opt/airflow/dags/etl_dag.py
[2024-02-09T23:54:13.058+0000] {processor.py:840} INFO - DAG(s) 'etl_weather_data' retrieved from /opt/airflow/dags/etl_dag.py
[2024-02-09T23:54:13.165+0000] {logging_mixin.py:188} INFO - [2024-02-09T23:54:13.165+0000] {dag.py:3033} INFO - Sync 1 DAGs
[2024-02-09T23:54:13.186+0000] {logging_mixin.py:188} INFO - [2024-02-09T23:54:13.186+0000] {dag.py:3820} INFO - Setting next_dagrun for etl_weather_data to 2024-02-10T00:00:00+00:00, run_after=2024-02-10T06:00:00+00:00
[2024-02-09T23:54:13.206+0000] {processor.py:183} INFO - Processing /opt/airflow/dags/etl_dag.py took 0.939 seconds
[2024-02-09T23:54:43.460+0000] {processor.py:161} INFO - Started process (PID=101) to work on /opt/airflow/dags/etl_dag.py
[2024-02-09T23:54:43.461+0000] {processor.py:830} INFO - Processing file /opt/airflow/dags/etl_dag.py for tasks to queue
[2024-02-09T23:54:43.464+0000] {logging_mixin.py:188} INFO - [2024-02-09T23:54:43.463+0000] {dagbag.py:538} INFO - Filling up the DagBag from /opt/airflow/dags/etl_dag.py
[2024-02-09T23:54:44.294+0000] {processor.py:840} INFO - DAG(s) 'etl_weather_data' retrieved from /opt/airflow/dags/etl_dag.py
[2024-02-09T23:54:44.581+0000] {logging_mixin.py:188} INFO - [2024-02-09T23:54:44.581+0000] {dag.py:3033} INFO - Sync 1 DAGs
[2024-02-09T23:54:44.602+0000] {logging_mixin.py:188} INFO - [2024-02-09T23:54:44.602+0000] {dag.py:3820} INFO - Setting next_dagrun for etl_weather_data to 2024-02-10T00:00:00+00:00, run_after=2024-02-10T06:00:00+00:00
[2024-02-09T23:54:44.636+0000] {processor.py:183} INFO - Processing /opt/airflow/dags/etl_dag.py took 1.179 seconds
[2024-02-09T23:55:14.788+0000] {processor.py:161} INFO - Started process (PID=109) to work on /opt/airflow/dags/etl_dag.py
[2024-02-09T23:55:14.789+0000] {processor.py:830} INFO - Processing file /opt/airflow/dags/etl_dag.py for tasks to queue
[2024-02-09T23:55:14.792+0000] {logging_mixin.py:188} INFO - [2024-02-09T23:55:14.791+0000] {dagbag.py:538} INFO - Filling up the DagBag from /opt/airflow/dags/etl_dag.py
[2024-02-09T23:55:15.261+0000] {processor.py:840} INFO - DAG(s) 'etl_weather_data' retrieved from /opt/airflow/dags/etl_dag.py
[2024-02-09T23:55:15.374+0000] {logging_mixin.py:188} INFO - [2024-02-09T23:55:15.374+0000] {dag.py:3033} INFO - Sync 1 DAGs
[2024-02-09T23:55:15.394+0000] {logging_mixin.py:188} INFO - [2024-02-09T23:55:15.394+0000] {dag.py:3820} INFO - Setting next_dagrun for etl_weather_data to 2024-02-10T00:00:00+00:00, run_after=2024-02-10T06:00:00+00:00
[2024-02-09T23:55:15.416+0000] {processor.py:183} INFO - Processing /opt/airflow/dags/etl_dag.py took 0.631 seconds
[2024-02-09T23:55:45.779+0000] {processor.py:161} INFO - Started process (PID=117) to work on /opt/airflow/dags/etl_dag.py
[2024-02-09T23:55:45.781+0000] {processor.py:830} INFO - Processing file /opt/airflow/dags/etl_dag.py for tasks to queue
[2024-02-09T23:55:45.787+0000] {logging_mixin.py:188} INFO - [2024-02-09T23:55:45.787+0000] {dagbag.py:538} INFO - Filling up the DagBag from /opt/airflow/dags/etl_dag.py
[2024-02-09T23:55:46.380+0000] {processor.py:840} INFO - DAG(s) 'etl_weather_data' retrieved from /opt/airflow/dags/etl_dag.py
[2024-02-09T23:55:46.623+0000] {logging_mixin.py:188} INFO - [2024-02-09T23:55:46.622+0000] {dag.py:3033} INFO - Sync 1 DAGs
[2024-02-09T23:55:46.664+0000] {logging_mixin.py:188} INFO - [2024-02-09T23:55:46.664+0000] {dag.py:3820} INFO - Setting next_dagrun for etl_weather_data to 2024-02-10T00:00:00+00:00, run_after=2024-02-10T06:00:00+00:00
[2024-02-09T23:55:46.702+0000] {processor.py:183} INFO - Processing /opt/airflow/dags/etl_dag.py took 0.928 seconds
[2024-02-09T23:56:43.486+0000] {processor.py:161} INFO - Started process (PID=40) to work on /opt/airflow/dags/etl_dag.py
[2024-02-09T23:56:43.489+0000] {processor.py:830} INFO - Processing file /opt/airflow/dags/etl_dag.py for tasks to queue
[2024-02-09T23:56:43.497+0000] {logging_mixin.py:188} INFO - [2024-02-09T23:56:43.496+0000] {dagbag.py:538} INFO - Filling up the DagBag from /opt/airflow/dags/etl_dag.py
[2024-02-09T23:56:44.746+0000] {processor.py:840} INFO - DAG(s) 'etl_weather_data' retrieved from /opt/airflow/dags/etl_dag.py
[2024-02-09T23:56:45.894+0000] {logging_mixin.py:188} INFO - [2024-02-09T23:56:45.892+0000] {dag.py:3033} INFO - Sync 1 DAGs
[2024-02-09T23:56:45.961+0000] {logging_mixin.py:188} INFO - [2024-02-09T23:56:45.960+0000] {dag.py:3820} INFO - Setting next_dagrun for etl_weather_data to 2024-02-10T00:00:00+00:00, run_after=2024-02-10T06:00:00+00:00
[2024-02-09T23:56:46.031+0000] {processor.py:183} INFO - Processing /opt/airflow/dags/etl_dag.py took 2.555 seconds
[2024-02-09T23:57:16.488+0000] {processor.py:161} INFO - Started process (PID=48) to work on /opt/airflow/dags/etl_dag.py
[2024-02-09T23:57:16.491+0000] {processor.py:830} INFO - Processing file /opt/airflow/dags/etl_dag.py for tasks to queue
[2024-02-09T23:57:16.511+0000] {logging_mixin.py:188} INFO - [2024-02-09T23:57:16.510+0000] {dagbag.py:538} INFO - Filling up the DagBag from /opt/airflow/dags/etl_dag.py
[2024-02-09T23:57:18.251+0000] {processor.py:840} INFO - DAG(s) 'etl_weather_data' retrieved from /opt/airflow/dags/etl_dag.py
[2024-02-09T23:57:18.560+0000] {logging_mixin.py:188} INFO - [2024-02-09T23:57:18.558+0000] {dag.py:3033} INFO - Sync 1 DAGs
[2024-02-09T23:57:18.623+0000] {logging_mixin.py:188} INFO - [2024-02-09T23:57:18.623+0000] {dag.py:3820} INFO - Setting next_dagrun for etl_weather_data to 2024-02-10T00:00:00+00:00, run_after=2024-02-10T06:00:00+00:00
[2024-02-09T23:57:18.684+0000] {processor.py:183} INFO - Processing /opt/airflow/dags/etl_dag.py took 2.221 seconds
[2024-02-09T23:57:49.018+0000] {processor.py:161} INFO - Started process (PID=56) to work on /opt/airflow/dags/etl_dag.py
[2024-02-09T23:57:49.019+0000] {processor.py:830} INFO - Processing file /opt/airflow/dags/etl_dag.py for tasks to queue
[2024-02-09T23:57:49.022+0000] {logging_mixin.py:188} INFO - [2024-02-09T23:57:49.022+0000] {dagbag.py:538} INFO - Filling up the DagBag from /opt/airflow/dags/etl_dag.py
[2024-02-09T23:57:49.853+0000] {processor.py:840} INFO - DAG(s) 'etl_weather_data' retrieved from /opt/airflow/dags/etl_dag.py
[2024-02-09T23:57:50.036+0000] {logging_mixin.py:188} INFO - [2024-02-09T23:57:50.035+0000] {dag.py:3033} INFO - Sync 1 DAGs
[2024-02-09T23:57:50.070+0000] {logging_mixin.py:188} INFO - [2024-02-09T23:57:50.070+0000] {dag.py:3820} INFO - Setting next_dagrun for etl_weather_data to 2024-02-10T00:00:00+00:00, run_after=2024-02-10T06:00:00+00:00
[2024-02-09T23:57:50.102+0000] {processor.py:183} INFO - Processing /opt/airflow/dags/etl_dag.py took 1.088 seconds
[2024-02-09T23:58:20.399+0000] {processor.py:161} INFO - Started process (PID=64) to work on /opt/airflow/dags/etl_dag.py
[2024-02-09T23:58:20.406+0000] {processor.py:830} INFO - Processing file /opt/airflow/dags/etl_dag.py for tasks to queue
[2024-02-09T23:58:20.421+0000] {logging_mixin.py:188} INFO - [2024-02-09T23:58:20.420+0000] {dagbag.py:538} INFO - Filling up the DagBag from /opt/airflow/dags/etl_dag.py
[2024-02-09T23:58:22.616+0000] {processor.py:840} INFO - DAG(s) 'etl_weather_data' retrieved from /opt/airflow/dags/etl_dag.py
[2024-02-09T23:58:23.394+0000] {logging_mixin.py:188} INFO - [2024-02-09T23:58:23.393+0000] {dag.py:3033} INFO - Sync 1 DAGs
[2024-02-09T23:58:23.519+0000] {logging_mixin.py:188} INFO - [2024-02-09T23:58:23.518+0000] {dag.py:3820} INFO - Setting next_dagrun for etl_weather_data to 2024-02-10T00:00:00+00:00, run_after=2024-02-10T06:00:00+00:00
[2024-02-09T23:58:23.670+0000] {processor.py:183} INFO - Processing /opt/airflow/dags/etl_dag.py took 3.301 seconds
