[2024-02-10T23:47:18.737+0000] {taskinstance.py:1957} INFO - Dependencies all met for dep_context=non-requeueable deps ti=<TaskInstance: etl_weather_data.extract manual__2024-02-10T23:47:13.677981+00:00 [queued]>
[2024-02-10T23:47:18.755+0000] {taskinstance.py:1957} INFO - Dependencies all met for dep_context=requeueable deps ti=<TaskInstance: etl_weather_data.extract manual__2024-02-10T23:47:13.677981+00:00 [queued]>
[2024-02-10T23:47:18.756+0000] {taskinstance.py:2171} INFO - Starting attempt 1 of 2
[2024-02-10T23:47:18.946+0000] {taskinstance.py:2192} INFO - Executing <Task(PythonOperator): extract> on 2024-02-10 23:47:13.677981+00:00
[2024-02-10T23:47:18.952+0000] {standard_task_runner.py:60} INFO - Started process 70 to run task
[2024-02-10T23:47:18.957+0000] {standard_task_runner.py:87} INFO - Running: ['***', 'tasks', 'run', 'etl_weather_data', 'extract', 'manual__2024-02-10T23:47:13.677981+00:00', '--job-id', '42', '--raw', '--subdir', 'DAGS_FOLDER/etl_dag.py', '--cfg-path', '/tmp/tmp_o8g3bnc']
[2024-02-10T23:47:18.962+0000] {standard_task_runner.py:88} INFO - Job 42: Subtask extract
[2024-02-10T23:47:19.035+0000] {task_command.py:423} INFO - Running <TaskInstance: etl_weather_data.extract manual__2024-02-10T23:47:13.677981+00:00 [running]> on host 30fb2344e478
[2024-02-10T23:47:19.147+0000] {taskinstance.py:2481} INFO - Exporting env vars: AIRFLOW_CTX_DAG_OWNER='Lucas Andrini' AIRFLOW_CTX_DAG_ID='etl_weather_data' AIRFLOW_CTX_TASK_ID='extract' AIRFLOW_CTX_EXECUTION_DATE='2024-02-10T23:47:13.677981+00:00' AIRFLOW_CTX_TRY_NUMBER='1' AIRFLOW_CTX_DAG_RUN_ID='manual__2024-02-10T23:47:13.677981+00:00'
[2024-02-10T23:47:20.233+0000] {etl_dag.py:79} INFO - Extracción de datos para la ciudad (-34.61, -58.38) OK.
[2024-02-10T23:47:21.306+0000] {etl_dag.py:79} INFO - Extracción de datos para la ciudad (-56.18, -34.9) OK.
[2024-02-10T23:47:22.394+0000] {etl_dag.py:81} INFO - Error en la solicitud a la API para la ciudad (135.18, 34.69).
[2024-02-10T23:47:23.466+0000] {etl_dag.py:79} INFO - Extracción de datos para la ciudad (-0.12, 51.5) OK.
[2024-02-10T23:47:24.496+0000] {etl_dag.py:81} INFO - Error en la solicitud a la API para la ciudad (-118.24, 34.05).
[2024-02-10T23:47:25.516+0000] {etl_dag.py:79} INFO - Extracción de datos para la ciudad (-60.02, -3.1) OK.
[2024-02-10T23:47:26.563+0000] {etl_dag.py:79} INFO - Extracción de datos para la ciudad (-80.19, 25.77) OK.
[2024-02-10T23:47:27.634+0000] {etl_dag.py:79} INFO - Extracción de datos para la ciudad (-66.1, 18.46) OK.
[2024-02-10T23:47:28.647+0000] {etl_dag.py:81} INFO - Error en la solicitud a la API para la ciudad (121.45, 31.22).
[2024-02-10T23:47:28.687+0000] {etl_dag.py:88} INFO - Contenido del DataFrame después de la extracción:
                            coord                                                                           weather      base                                                                                                                                                     main  visibility                                         wind        clouds          dt                                                                                    sys  timezone       id                                          name  cod
0  {'lon': -58.38, 'lat': -34.61}         [{'id': 800, 'main': 'Clear', 'description': 'clear sky', 'icon': '01n'}]  stations                                              {'temp': 28.94, 'feels_like': 32.24, 'temp_min': 26.88, 'temp_max': 29.8, 'pressure': 1009, 'humidity': 68}       10000                  {'speed': 2.06, 'deg': 280}    {'all': 0}  1707608245  {'type': 1, 'id': 8224, 'country': 'AR', 'sunrise': 1707556950, 'sunset': 1707605586}    -10800  3435910                                  Buenos Aires  200
1   {'lon': -34.9, 'lat': -56.18}  [{'id': 804, 'main': 'Clouds', 'description': 'overcast clouds', 'icon': '04n'}]  stations            {'temp': 2.49, 'feels_like': -4.51, 'temp_min': 2.49, 'temp_max': 2.49, 'pressure': 991, 'humidity': 78, 'sea_level': 991, 'grnd_level': 991}       10000  {'speed': 16.83, 'deg': 244, 'gust': 21.09}  {'all': 100}  1707608246                         {'country': 'GS', 'sunrise': 1707548180, 'sunset': 1707603086}     -7200  3474415  South Georgia and the South Sandwich Islands  200
2     {'lon': 51.5, 'lat': -0.12}  [{'id': 804, 'main': 'Clouds', 'description': 'overcast clouds', 'icon': '04n'}]  stations      {'temp': 27.41, 'feels_like': 30.79, 'temp_min': 27.41, 'temp_max': 27.41, 'pressure': 1012, 'humidity': 81, 'sea_level': 1012, 'grnd_level': 1012}       10000     {'speed': 7.78, 'deg': 57, 'gust': 8.86}   {'all': 93}  1707608248                                          {'sunrise': 1707619485, 'sunset': 1707663111}     10800        0                                                200
3    {'lon': -3.1, 'lat': -60.02}  [{'id': 804, 'main': 'Clouds', 'description': 'overcast clouds', 'icon': '04n'}]  stations               {'temp': 0.4, 'feels_like': -6.58, 'temp_min': 0.4, 'temp_max': 0.4, 'pressure': 967, 'humidity': 98, 'sea_level': 967, 'grnd_level': 967}          60  {'speed': 10.24, 'deg': 291, 'gust': 13.66}  {'all': 100}  1707608250                                          {'sunrise': 1707539530, 'sunset': 1707596472}         0        0                                                200
4   {'lon': 25.77, 'lat': -80.19}  [{'id': 804, 'main': 'Clouds', 'description': 'overcast clouds', 'icon': '04n'}]  stations  {'temp': -33.91, 'feels_like': -40.83, 'temp_min': -33.91, 'temp_max': -33.91, 'pressure': 1018, 'humidity': 100, 'sea_level': 1018, 'grnd_level': 653}        1142    {'speed': 1.62, 'deg': 267, 'gust': 1.61}  {'all': 100}  1707608251                                                            {'sunrise': 0, 'sunset': 0}     10800        0                                                200
5    {'lon': 18.46, 'lat': -66.1}       [{'id': 801, 'main': 'Clouds', 'description': 'few clouds', 'icon': '02n'}]  stations            {'temp': 0.07, 'feels_like': -5.57, 'temp_min': 0.07, 'temp_max': 0.07, 'pressure': 984, 'humidity': 87, 'sea_level': 984, 'grnd_level': 984}       10000     {'speed': 6.44, 'deg': 94, 'gust': 7.28}   {'all': 19}  1707608252                                          {'sunrise': 1707618626, 'sunset': 1707679830}      3600        0                                                200
[2024-02-10T23:47:28.690+0000] {python.py:201} INFO - Done. Returned value was: None
[2024-02-10T23:47:28.702+0000] {taskinstance.py:1138} INFO - Marking task as SUCCESS. dag_id=etl_weather_data, task_id=extract, execution_date=20240210T234713, start_date=20240210T234718, end_date=20240210T234728
[2024-02-10T23:47:28.743+0000] {local_task_job_runner.py:234} INFO - Task exited with return code 0
[2024-02-10T23:47:28.797+0000] {taskinstance.py:3281} INFO - 1 downstream tasks scheduled from follow-on schedule check
