[2024-02-10T23:54:06.504+0000] {taskinstance.py:1957} INFO - Dependencies all met for dep_context=non-requeueable deps ti=<TaskInstance: etl_weather_data.extract manual__2024-02-10T23:53:48.513364+00:00 [queued]>
[2024-02-10T23:54:06.668+0000] {taskinstance.py:1957} INFO - Dependencies all met for dep_context=requeueable deps ti=<TaskInstance: etl_weather_data.extract manual__2024-02-10T23:53:48.513364+00:00 [queued]>
[2024-02-10T23:54:06.672+0000] {taskinstance.py:2171} INFO - Starting attempt 1 of 2
[2024-02-10T23:54:11.437+0000] {taskinstance.py:2192} INFO - Executing <Task(PythonOperator): extract> on 2024-02-10 23:53:48.513364+00:00
[2024-02-10T23:54:11.449+0000] {standard_task_runner.py:60} INFO - Started process 85 to run task
[2024-02-10T23:54:11.459+0000] {standard_task_runner.py:87} INFO - Running: ['***', 'tasks', 'run', 'etl_weather_data', 'extract', 'manual__2024-02-10T23:53:48.513364+00:00', '--job-id', '3', '--raw', '--subdir', 'DAGS_FOLDER/etl_dag.py', '--cfg-path', '/tmp/tmpt8c8gri2']
[2024-02-10T23:54:11.472+0000] {standard_task_runner.py:88} INFO - Job 3: Subtask extract
[2024-02-10T23:54:11.755+0000] {task_command.py:423} INFO - Running <TaskInstance: etl_weather_data.extract manual__2024-02-10T23:53:48.513364+00:00 [running]> on host 2012a0ecf4b3
[2024-02-10T23:54:12.206+0000] {taskinstance.py:2481} INFO - Exporting env vars: AIRFLOW_CTX_DAG_OWNER='Lucas Andrini' AIRFLOW_CTX_DAG_ID='etl_weather_data' AIRFLOW_CTX_TASK_ID='extract' AIRFLOW_CTX_EXECUTION_DATE='2024-02-10T23:53:48.513364+00:00' AIRFLOW_CTX_TRY_NUMBER='1' AIRFLOW_CTX_DAG_RUN_ID='manual__2024-02-10T23:53:48.513364+00:00'
[2024-02-10T23:54:13.881+0000] {etl_dag.py:79} INFO - Extracción de datos para la ciudad (-34.61, -58.38) OK.
[2024-02-10T23:54:15.400+0000] {etl_dag.py:79} INFO - Extracción de datos para la ciudad (40.71, -74.01) OK.
[2024-02-10T23:54:16.475+0000] {etl_dag.py:79} INFO - Extracción de datos para la ciudad (51.51, -0.13) OK.
[2024-02-10T23:54:17.911+0000] {etl_dag.py:79} INFO - Extracción de datos para la ciudad (35.68, 139.76) OK.
[2024-02-10T23:54:19.422+0000] {etl_dag.py:79} INFO - Extracción de datos para la ciudad (-33.87, 151.21) OK.
[2024-02-10T23:54:20.968+0000] {etl_dag.py:79} INFO - Extracción de datos para la ciudad (48.86, 2.35) OK.
[2024-02-10T23:54:22.394+0000] {etl_dag.py:79} INFO - Extracción de datos para la ciudad (25.27, 55.32) OK.
[2024-02-10T23:54:24.043+0000] {etl_dag.py:79} INFO - Extracción de datos para la ciudad (-33.92, 18.42) OK.
[2024-02-10T23:54:25.650+0000] {etl_dag.py:79} INFO - Extracción de datos para la ciudad (19.07, 72.87) OK.
[2024-02-10T23:54:27.220+0000] {etl_dag.py:79} INFO - Extracción de datos para la ciudad (-22.91, -43.21) OK.
[2024-02-10T23:54:27.640+0000] {etl_dag.py:88} INFO - Contenido del DataFrame después de la extracción:
                                coord                                                                         weather      base                                                                                                          main  visibility                                       wind       clouds          dt                                                                                       sys  timezone       id             name  cod
0  {'lon': -58.3811, 'lat': -34.6142}       [{'id': 800, 'main': 'Clear', 'description': 'clear sky', 'icon': '01n'}]  stations  {'temp': 28.94, 'feels_like': 32.24, 'temp_min': 26.94, 'temp_max': 29.85, 'pressure': 1009, 'humidity': 68}       10000                {'speed': 2.06, 'deg': 280}   {'all': 0}  1707608880     {'type': 1, 'id': 8224, 'country': 'AR', 'sunrise': 1707556950, 'sunset': 1707605587}    -10800  6693229      San Nicolas  200
1   {'lon': -74.0061, 'lat': 40.7128}       [{'id': 800, 'main': 'Clear', 'description': 'clear sky', 'icon': '01n'}]  stations    {'temp': 12.7, 'feels_like': 11.85, 'temp_min': 9.49, 'temp_max': 14.31, 'pressure': 1009, 'humidity': 70}       10000                {'speed': 3.09, 'deg': 200}   {'all': 0}  1707609000  {'type': 2, 'id': 2008101, 'country': 'US', 'sunrise': 1707566219, 'sunset': 1707603819}    -18000  5128581         New York  200
2    {'lon': -0.1257, 'lat': 51.5085}     [{'id': 801, 'main': 'Clouds', 'description': 'few clouds', 'icon': '02n'}]  stations        {'temp': 7.8, 'feels_like': 6.58, 'temp_min': 6.46, 'temp_max': 8.77, 'pressure': 984, 'humidity': 93}       10000                 {'speed': 2.06, 'deg': 80}  {'all': 20}  1707608597  {'type': 2, 'id': 2075535, 'country': 'GB', 'sunrise': 1707549904, 'sunset': 1707584670}         0  2643743           London  200
3       {'lon': 139.76, 'lat': 35.68}     [{'id': 801, 'main': 'Clouds', 'description': 'few clouds', 'icon': '02d'}]  stations       {'temp': 7.96, 'feels_like': 4.1, 'temp_min': 4.41, 'temp_max': 8.84, 'pressure': 1016, 'humidity': 45}       10000                {'speed': 7.72, 'deg': 350}  {'all': 20}  1707609259   {'type': 2, 'id': 268395, 'country': 'JP', 'sunrise': 1707600796, 'sunset': 1707639436}     32400  1861060            Japan  200
4    {'lon': 151.21, 'lat': -33.8678}  [{'id': 803, 'main': 'Clouds', 'description': 'broken clouds', 'icon': '04d'}]  stations  {'temp': 23.45, 'feels_like': 23.44, 'temp_min': 22.44, 'temp_max': 24.87, 'pressure': 1024, 'humidity': 61}       10000                {'speed': 4.12, 'deg': 150}  {'all': 75}  1707609001  {'type': 2, 'id': 2018875, 'country': 'AU', 'sunrise': 1707593144, 'sunset': 1707641591}     39600  6619279           Sydney  200
5     {'lon': 2.3515, 'lat': 48.8566}  [{'id': 803, 'main': 'Clouds', 'description': 'broken clouds', 'icon': '04n'}]  stations       {'temp': 7.31, 'feels_like': 4.64, 'temp_min': 6.05, 'temp_max': 8.06, 'pressure': 988, 'humidity': 94}       10000                {'speed': 4.12, 'deg': 220}  {'all': 75}  1707609049  {'type': 2, 'id': 2012208, 'country': 'FR', 'sunrise': 1707635212, 'sunset': 1707670977}      3600  6455259            Paris  200
6    {'lon': 55.3199, 'lat': 25.2651}       [{'id': 800, 'main': 'Clear', 'description': 'clear sky', 'icon': '01n'}]  stations  {'temp': 19.24, 'feels_like': 19.13, 'temp_min': 16.16, 'temp_max': 19.96, 'pressure': 1017, 'humidity': 73}       10000                 {'speed': 2.57, 'deg': 30}   {'all': 0}  1707608971     {'type': 1, 'id': 7537, 'country': 'AE', 'sunrise': 1707620206, 'sunset': 1707660557}     14400   292223            Dubai  200
7       {'lon': 18.42, 'lat': -33.92}       [{'id': 800, 'main': 'Clear', 'description': 'clear sky', 'icon': '01n'}]  stations  {'temp': 18.62, 'feels_like': 18.39, 'temp_min': 17.42, 'temp_max': 19.47, 'pressure': 1019, 'humidity': 71}       10000  {'speed': 4.92, 'deg': 175, 'gust': 8.49}   {'all': 1}  1707609265  {'type': 2, 'id': 2073005, 'country': 'ZA', 'sunrise': 1707625031, 'sunset': 1707673445}      7200  7302538     De Waterkant  200
8        {'lon': 72.87, 'lat': 19.07}           [{'id': 711, 'main': 'Smoke', 'description': 'smoke', 'icon': '50n'}]  stations  {'temp': 23.03, 'feels_like': 22.38, 'temp_min': 23.03, 'temp_max': 23.03, 'pressure': 1014, 'humidity': 38}        2500                 {'speed': 2.57, 'deg': 50}   {'all': 0}  1707609266     {'type': 1, 'id': 9052, 'country': 'IN', 'sunrise': 1707615562, 'sunset': 1707656777}     19800  8131499  Konkan Division  200
9   {'lon': -43.2094, 'lat': -22.911}     [{'id': 801, 'main': 'Clouds', 'description': 'few clouds', 'icon': '02n'}]  stations  {'temp': 27.97, 'feels_like': 30.87, 'temp_min': 26.96, 'temp_max': 29.11, 'pressure': 1015, 'humidity': 72}       10000                 {'speed': 9.77, 'deg': 90}  {'all': 20}  1707609248     {'type': 1, 'id': 8429, 'country': 'BR', 'sunrise': 1707554297, 'sunset': 1707600958}    -10800  3451190   Rio de Janeiro  200
[2024-02-10T23:54:27.661+0000] {python.py:201} INFO - Done. Returned value was: None
[2024-02-10T23:54:27.762+0000] {taskinstance.py:1138} INFO - Marking task as SUCCESS. dag_id=etl_weather_data, task_id=extract, execution_date=20240210T235348, start_date=20240210T235406, end_date=20240210T235427
[2024-02-10T23:54:27.957+0000] {local_task_job_runner.py:234} INFO - Task exited with return code 0
[2024-02-10T23:54:28.112+0000] {taskinstance.py:3281} INFO - 1 downstream tasks scheduled from follow-on schedule check
