[2024-02-11T00:07:35.113+0000] {taskinstance.py:1957} INFO - Dependencies all met for dep_context=non-requeueable deps ti=<TaskInstance: etl_weather_data.extract manual__2024-02-11T00:07:16.875125+00:00 [queued]>
[2024-02-11T00:07:35.250+0000] {taskinstance.py:1957} INFO - Dependencies all met for dep_context=requeueable deps ti=<TaskInstance: etl_weather_data.extract manual__2024-02-11T00:07:16.875125+00:00 [queued]>
[2024-02-11T00:07:35.254+0000] {taskinstance.py:2171} INFO - Starting attempt 1 of 2
[2024-02-11T00:07:37.784+0000] {taskinstance.py:2192} INFO - Executing <Task(PythonOperator): extract> on 2024-02-11 00:07:16.875125+00:00
[2024-02-11T00:07:37.844+0000] {standard_task_runner.py:60} INFO - Started process 92 to run task
[2024-02-11T00:07:37.921+0000] {standard_task_runner.py:87} INFO - Running: ['***', 'tasks', 'run', 'etl_weather_data', 'extract', 'manual__2024-02-11T00:07:16.875125+00:00', '--job-id', '3', '--raw', '--subdir', 'DAGS_FOLDER/etl_dag.py', '--cfg-path', '/tmp/tmprp862ybd']
[2024-02-11T00:07:38.020+0000] {standard_task_runner.py:88} INFO - Job 3: Subtask extract
[2024-02-11T00:07:38.736+0000] {task_command.py:423} INFO - Running <TaskInstance: etl_weather_data.extract manual__2024-02-11T00:07:16.875125+00:00 [running]> on host 09659ec0e379
[2024-02-11T00:07:39.469+0000] {taskinstance.py:2481} INFO - Exporting env vars: AIRFLOW_CTX_DAG_OWNER='Lucas Andrini' AIRFLOW_CTX_DAG_ID='etl_weather_data' AIRFLOW_CTX_TASK_ID='extract' AIRFLOW_CTX_EXECUTION_DATE='2024-02-11T00:07:16.875125+00:00' AIRFLOW_CTX_TRY_NUMBER='1' AIRFLOW_CTX_DAG_RUN_ID='manual__2024-02-11T00:07:16.875125+00:00'
[2024-02-11T00:07:41.748+0000] {etl_dag.py:79} INFO - Extracción de datos para la ciudad (-34.61, -58.38) OK.
[2024-02-11T00:07:43.702+0000] {etl_dag.py:79} INFO - Extracción de datos para la ciudad (40.71, -74.01) OK.
[2024-02-11T00:07:45.268+0000] {etl_dag.py:79} INFO - Extracción de datos para la ciudad (51.51, -0.13) OK.
[2024-02-11T00:07:47.044+0000] {etl_dag.py:79} INFO - Extracción de datos para la ciudad (35.68, 139.76) OK.
[2024-02-11T00:07:48.639+0000] {etl_dag.py:79} INFO - Extracción de datos para la ciudad (-33.87, 151.21) OK.
[2024-02-11T00:07:50.246+0000] {etl_dag.py:79} INFO - Extracción de datos para la ciudad (48.86, 2.35) OK.
[2024-02-11T00:07:51.832+0000] {etl_dag.py:79} INFO - Extracción de datos para la ciudad (25.27, 55.32) OK.
[2024-02-11T00:07:53.321+0000] {etl_dag.py:79} INFO - Extracción de datos para la ciudad (-33.92, 18.42) OK.
[2024-02-11T00:07:54.510+0000] {etl_dag.py:79} INFO - Extracción de datos para la ciudad (19.07, 72.87) OK.
[2024-02-11T00:07:55.594+0000] {etl_dag.py:79} INFO - Extracción de datos para la ciudad (-22.91, -43.21) OK.
[2024-02-11T00:07:56.699+0000] {etl_dag.py:79} INFO - Extracción de datos para la ciudad (-56.18, -34.9) OK.
[2024-02-11T00:07:56.854+0000] {etl_dag.py:88} INFO - Contenido del DataFrame después de la extracción:
                                coord                                                                                    weather      base                                                                                                                                           main  visibility                                         wind        clouds          dt                                                                                       sys  timezone       id                                          name  cod
0      {'lon': -58.38, 'lat': -34.61}          [{'id': 802, 'main': 'Clouds', 'description': 'scattered clouds', 'icon': '03n'}]  stations                                    {'temp': 28.3, 'feels_like': 31.71, 'temp_min': 26.58, 'temp_max': 29.26, 'pressure': 1010, 'humidity': 73}       10000    {'speed': 1.83, 'deg': 233, 'gust': 2.82}   {'all': 44}  1707610062  {'type': 2, 'id': 2031595, 'country': 'AR', 'sunrise': 1707556950, 'sunset': 1707605586}    -10800  3435910                                  Buenos Aires  200
1    {'lon': -74.006, 'lat': 40.7128}  [{'id': 300, 'main': 'Drizzle', 'description': 'light intensity drizzle', 'icon': '09n'}]  stations                                    {'temp': 12.62, 'feels_like': 11.77, 'temp_min': 9.99, 'temp_max': 14.08, 'pressure': 1009, 'humidity': 70}       10000                  {'speed': 6.17, 'deg': 230}  {'all': 100}  1707609710  {'type': 2, 'id': 2008101, 'country': 'US', 'sunrise': 1707566219, 'sunset': 1707603819}    -18000  5128581                                      New York  200
2    {'lon': -0.1257, 'lat': 51.5085}                [{'id': 801, 'main': 'Clouds', 'description': 'few clouds', 'icon': '02n'}]  stations                                        {'temp': 7.79, 'feels_like': 6.56, 'temp_min': 6.46, 'temp_max': 8.77, 'pressure': 984, 'humidity': 93}       10000                   {'speed': 2.06, 'deg': 80}   {'all': 20}  1707609258  {'type': 2, 'id': 2075535, 'country': 'GB', 'sunrise': 1707549904, 'sunset': 1707584670}         0  2643743                                        London  200
3       {'lon': 139.76, 'lat': 35.68}                [{'id': 801, 'main': 'Clouds', 'description': 'few clouds', 'icon': '02d'}]  stations                                       {'temp': 8.06, 'feels_like': 4.23, 'temp_min': 6.66, 'temp_max': 8.83, 'pressure': 1016, 'humidity': 45}       10000                  {'speed': 7.72, 'deg': 350}   {'all': 20}  1707610068   {'type': 2, 'id': 268395, 'country': 'JP', 'sunrise': 1707600796, 'sunset': 1707639436}     32400  1861060                                         Japan  200
4      {'lon': 151.21, 'lat': -33.87}             [{'id': 803, 'main': 'Clouds', 'description': 'broken clouds', 'icon': '04d'}]  stations                                    {'temp': 23.7, 'feels_like': 23.72, 'temp_min': 22.43, 'temp_max': 25.71, 'pressure': 1024, 'humidity': 61}       10000                  {'speed': 4.12, 'deg': 150}   {'all': 75}  1707610069  {'type': 2, 'id': 2018875, 'country': 'AU', 'sunrise': 1707593144, 'sunset': 1707641591}     39600  6619279                                        Sydney  200
5         {'lon': 2.35, 'lat': 48.86}             [{'id': 803, 'main': 'Clouds', 'description': 'broken clouds', 'icon': '04n'}]  stations                                         {'temp': 7.36, 'feels_like': 4.7, 'temp_min': 6.05, 'temp_max': 8.06, 'pressure': 988, 'humidity': 93}       10000                  {'speed': 4.12, 'deg': 220}   {'all': 75}  1707610071  {'type': 2, 'id': 2012208, 'country': 'FR', 'sunrise': 1707635213, 'sunset': 1707670976}      3600  6455259                                         Paris  200
6        {'lon': 55.32, 'lat': 25.27}                  [{'id': 800, 'main': 'Clear', 'description': 'clear sky', 'icon': '01n'}]  stations                                    {'temp': 18.97, 'feels_like': 18.7, 'temp_min': 15.18, 'temp_max': 19.97, 'pressure': 1017, 'humidity': 68}       10000                    {'speed': 3.6, 'deg': 40}    {'all': 0}  1707610073     {'type': 1, 'id': 7537, 'country': 'AE', 'sunrise': 1707620206, 'sunset': 1707660557}     14400   292223                                         Dubai  200
7    {'lon': 18.4197, 'lat': -33.922}                  [{'id': 800, 'main': 'Clear', 'description': 'clear sky', 'icon': '01n'}]  stations                                   {'temp': 18.61, 'feels_like': 18.38, 'temp_min': 17.42, 'temp_max': 19.47, 'pressure': 1019, 'humidity': 71}       10000    {'speed': 5.81, 'deg': 151, 'gust': 9.83}    {'all': 1}  1707609484  {'type': 2, 'id': 2073005, 'country': 'ZA', 'sunrise': 1707625030, 'sunset': 1707673445}      7200  3369157                                     Cape Town  200
8        {'lon': 72.87, 'lat': 19.07}                      [{'id': 711, 'main': 'Smoke', 'description': 'smoke', 'icon': '50n'}]  stations                                   {'temp': 23.03, 'feels_like': 22.43, 'temp_min': 23.03, 'temp_max': 23.03, 'pressure': 1014, 'humidity': 40}        2500                  {'speed': 2.06, 'deg': 350}    {'all': 0}  1707610075     {'type': 1, 'id': 9052, 'country': 'IN', 'sunrise': 1707615562, 'sunset': 1707656777}     19800  8131499                               Konkan Division  200
9   {'lon': -43.2094, 'lat': -22.911}                [{'id': 801, 'main': 'Clouds', 'description': 'few clouds', 'icon': '02n'}]  stations                                   {'temp': 27.97, 'feels_like': 30.87, 'temp_min': 26.96, 'temp_max': 29.11, 'pressure': 1015, 'humidity': 72}       10000                   {'speed': 9.77, 'deg': 90}   {'all': 20}  1707609563     {'type': 1, 'id': 8429, 'country': 'BR', 'sunrise': 1707554297, 'sunset': 1707600958}    -10800  3451190                                Rio de Janeiro  200
10      {'lon': -34.9, 'lat': -56.18}           [{'id': 804, 'main': 'Clouds', 'description': 'overcast clouds', 'icon': '04n'}]  stations  {'temp': 2.49, 'feels_like': -4.51, 'temp_min': 2.49, 'temp_max': 2.49, 'pressure': 991, 'humidity': 78, 'sea_level': 991, 'grnd_level': 991}       10000  {'speed': 16.83, 'deg': 244, 'gust': 21.09}  {'all': 100}  1707610077                            {'country': 'GS', 'sunrise': 1707548180, 'sunset': 1707603086}     -7200  3474415  South Georgia and the South Sandwich Islands  200
[2024-02-11T00:07:56.860+0000] {python.py:201} INFO - Done. Returned value was: None
[2024-02-11T00:07:56.895+0000] {taskinstance.py:1138} INFO - Marking task as SUCCESS. dag_id=etl_weather_data, task_id=extract, execution_date=20240211T000716, start_date=20240211T000735, end_date=20240211T000756
[2024-02-11T00:07:56.962+0000] {local_task_job_runner.py:234} INFO - Task exited with return code 0
[2024-02-11T00:07:57.029+0000] {taskinstance.py:3281} INFO - 1 downstream tasks scheduled from follow-on schedule check
