[2024-02-10T23:24:00.367+0000] {taskinstance.py:1957} INFO - Dependencies all met for dep_context=non-requeueable deps ti=<TaskInstance: etl_weather_data.extract manual__2024-02-10T23:22:46.628151+00:00 [queued]>
[2024-02-10T23:24:00.377+0000] {taskinstance.py:1957} INFO - Dependencies all met for dep_context=requeueable deps ti=<TaskInstance: etl_weather_data.extract manual__2024-02-10T23:22:46.628151+00:00 [queued]>
[2024-02-10T23:24:00.378+0000] {taskinstance.py:2171} INFO - Starting attempt 2 of 2
[2024-02-10T23:24:00.394+0000] {taskinstance.py:2192} INFO - Executing <Task(PythonOperator): extract> on 2024-02-10 23:22:46.628151+00:00
[2024-02-10T23:24:00.399+0000] {standard_task_runner.py:60} INFO - Started process 91 to run task
[2024-02-10T23:24:00.403+0000] {standard_task_runner.py:87} INFO - Running: ['***', 'tasks', 'run', 'etl_weather_data', 'extract', 'manual__2024-02-10T23:22:46.628151+00:00', '--job-id', '25', '--raw', '--subdir', 'DAGS_FOLDER/etl_dag.py', '--cfg-path', '/tmp/tmp0rw21p90']
[2024-02-10T23:24:00.407+0000] {standard_task_runner.py:88} INFO - Job 25: Subtask extract
[2024-02-10T23:24:00.473+0000] {task_command.py:423} INFO - Running <TaskInstance: etl_weather_data.extract manual__2024-02-10T23:22:46.628151+00:00 [running]> on host f526341c90ef
[2024-02-10T23:24:00.729+0000] {taskinstance.py:2481} INFO - Exporting env vars: AIRFLOW_CTX_DAG_OWNER='Lucas Andrini' AIRFLOW_CTX_DAG_ID='etl_weather_data' AIRFLOW_CTX_TASK_ID='extract' AIRFLOW_CTX_EXECUTION_DATE='2024-02-10T23:22:46.628151+00:00' AIRFLOW_CTX_TRY_NUMBER='2' AIRFLOW_CTX_DAG_RUN_ID='manual__2024-02-10T23:22:46.628151+00:00'
[2024-02-10T23:24:01.792+0000] {etl_dag.py:79} INFO - Extracción de datos para la ciudad (-34.61, -58.38) OK.
[2024-02-10T23:24:02.827+0000] {etl_dag.py:79} INFO - Extracción de datos para la ciudad (-56.18, -34.9) OK.
[2024-02-10T23:24:03.864+0000] {etl_dag.py:81} INFO - Error en la solicitud a la API para la ciudad (135.18, 34.69).
[2024-02-10T23:24:04.908+0000] {etl_dag.py:79} INFO - Extracción de datos para la ciudad (-0.12, 51.5) OK.
[2024-02-10T23:24:05.969+0000] {etl_dag.py:81} INFO - Error en la solicitud a la API para la ciudad (-118.24, 34.05).
[2024-02-10T23:24:06.995+0000] {etl_dag.py:79} INFO - Extracción de datos para la ciudad (-60.02, -3.1) OK.
[2024-02-10T23:24:08.071+0000] {etl_dag.py:79} INFO - Extracción de datos para la ciudad (-80.19, 25.77) OK.
[2024-02-10T23:24:09.134+0000] {etl_dag.py:79} INFO - Extracción de datos para la ciudad (-66.1, 18.46) OK.
[2024-02-10T23:24:10.145+0000] {etl_dag.py:81} INFO - Error en la solicitud a la API para la ciudad (121.45, 31.22).
[2024-02-10T23:24:10.167+0000] {etl_dag.py:88} INFO - Contenido del DataFrame después de la extracción:
                            coord                                                                           weather      base                                                                                                                                                     main  visibility                                         wind        clouds          dt                                                                                    sys  timezone       id                                          name  cod
0  {'lon': -58.38, 'lat': -34.61}         [{'id': 800, 'main': 'Clear', 'description': 'clear sky', 'icon': '01n'}]  stations                                              {'temp': 28.99, 'feels_like': 32.34, 'temp_min': 26.88, 'temp_max': 29.8, 'pressure': 1009, 'humidity': 68}       10000                  {'speed': 2.06, 'deg': 280}    {'all': 0}  1707607374  {'type': 1, 'id': 8224, 'country': 'AR', 'sunrise': 1707556950, 'sunset': 1707605586}    -10800  3435910                                  Buenos Aires  200
1   {'lon': -34.9, 'lat': -56.18}  [{'id': 804, 'main': 'Clouds', 'description': 'overcast clouds', 'icon': '04n'}]  stations            {'temp': 2.61, 'feels_like': -4.39, 'temp_min': 2.61, 'temp_max': 2.61, 'pressure': 991, 'humidity': 77, 'sea_level': 991, 'grnd_level': 991}       10000   {'speed': 17.3, 'deg': 243, 'gust': 21.51}  {'all': 100}  1707607375                         {'country': 'GS', 'sunrise': 1707548180, 'sunset': 1707603086}     -7200  3474415  South Georgia and the South Sandwich Islands  200
2     {'lon': 51.5, 'lat': -0.12}    [{'id': 803, 'main': 'Clouds', 'description': 'broken clouds', 'icon': '04n'}]  stations         {'temp': 27.66, 'feels_like': 31, 'temp_min': 27.66, 'temp_max': 27.66, 'pressure': 1012, 'humidity': 78, 'sea_level': 1012, 'grnd_level': 1012}       10000     {'speed': 7.16, 'deg': 55, 'gust': 8.62}   {'all': 83}  1707607377                                          {'sunrise': 1707619485, 'sunset': 1707663111}     10800        0                                                200
3    {'lon': -3.1, 'lat': -60.02}  [{'id': 804, 'main': 'Clouds', 'description': 'overcast clouds', 'icon': '04n'}]  stations            {'temp': 0.44, 'feels_like': -6.56, 'temp_min': 0.44, 'temp_max': 0.44, 'pressure': 967, 'humidity': 98, 'sea_level': 967, 'grnd_level': 967}          74  {'speed': 10.72, 'deg': 290, 'gust': 14.11}  {'all': 100}  1707607379                                          {'sunrise': 1707539530, 'sunset': 1707596472}         0        0                                                200
4   {'lon': 25.77, 'lat': -80.19}  [{'id': 804, 'main': 'Clouds', 'description': 'overcast clouds', 'icon': '04n'}]  stations  {'temp': -33.67, 'feels_like': -40.67, 'temp_min': -33.67, 'temp_max': -33.67, 'pressure': 1018, 'humidity': 100, 'sea_level': 1018, 'grnd_level': 653}        1024     {'speed': 1.85, 'deg': 259, 'gust': 1.9}  {'all': 100}  1707607449                                                            {'sunrise': 0, 'sunset': 0}     10800        0                                                200
5    {'lon': 18.46, 'lat': -66.1}       [{'id': 801, 'main': 'Clouds', 'description': 'few clouds', 'icon': '02n'}]  stations            {'temp': 0.17, 'feels_like': -5.19, 'temp_min': 0.17, 'temp_max': 0.17, 'pressure': 985, 'humidity': 89, 'sea_level': 985, 'grnd_level': 985}       10000      {'speed': 5.9, 'deg': 93, 'gust': 6.96}   {'all': 18}  1707607450                                          {'sunrise': 1707618626, 'sunset': 1707679830}      3600        0                                                200
[2024-02-10T23:24:10.170+0000] {python.py:201} INFO - Done. Returned value was: None
[2024-02-10T23:24:10.179+0000] {taskinstance.py:1138} INFO - Marking task as SUCCESS. dag_id=etl_weather_data, task_id=extract, execution_date=20240210T232246, start_date=20240210T232400, end_date=20240210T232410
[2024-02-10T23:24:10.230+0000] {local_task_job_runner.py:234} INFO - Task exited with return code 0
[2024-02-10T23:24:10.385+0000] {taskinstance.py:3281} INFO - 1 downstream tasks scheduled from follow-on schedule check
