[2024-02-10T22:15:01.941+0000] {taskinstance.py:1957} INFO - Dependencies all met for dep_context=non-requeueable deps ti=<TaskInstance: etl_weather_data.send_email_task manual__2024-02-10T22:14:32.714053+00:00 [queued]>
[2024-02-10T22:15:01.965+0000] {taskinstance.py:1957} INFO - Dependencies all met for dep_context=requeueable deps ti=<TaskInstance: etl_weather_data.send_email_task manual__2024-02-10T22:14:32.714053+00:00 [queued]>
[2024-02-10T22:15:01.967+0000] {taskinstance.py:2171} INFO - Starting attempt 1 of 2
[2024-02-10T22:15:02.004+0000] {taskinstance.py:2192} INFO - Executing <Task(PythonOperator): send_email_task> on 2024-02-10 22:14:32.714053+00:00
[2024-02-10T22:15:02.014+0000] {standard_task_runner.py:60} INFO - Started process 93 to run task
[2024-02-10T22:15:02.021+0000] {standard_task_runner.py:87} INFO - Running: ['***', 'tasks', 'run', 'etl_weather_data', 'send_email_task', 'manual__2024-02-10T22:14:32.714053+00:00', '--job-id', '8', '--raw', '--subdir', 'DAGS_FOLDER/etl_dag.py', '--cfg-path', '/tmp/tmpq9nw6eqf']
[2024-02-10T22:15:02.027+0000] {standard_task_runner.py:88} INFO - Job 8: Subtask send_email_task
[2024-02-10T22:15:02.139+0000] {task_command.py:423} INFO - Running <TaskInstance: etl_weather_data.send_email_task manual__2024-02-10T22:14:32.714053+00:00 [running]> on host c66b66c4e412
[2024-02-10T22:15:02.612+0000] {taskinstance.py:2481} INFO - Exporting env vars: AIRFLOW_CTX_DAG_OWNER='Lucas Andrini' AIRFLOW_CTX_DAG_ID='etl_weather_data' AIRFLOW_CTX_TASK_ID='send_email_task' AIRFLOW_CTX_EXECUTION_DATE='2024-02-10T22:14:32.714053+00:00' AIRFLOW_CTX_TRY_NUMBER='1' AIRFLOW_CTX_DAG_RUN_ID='manual__2024-02-10T22:14:32.714053+00:00'
[2024-02-10T22:15:02.639+0000] {etl_dag.py:187} INFO - Tipo de datos temp: float64
[2024-02-10T22:15:02.640+0000] {etl_dag.py:191} INFO - min temp: 5.0
[2024-02-10T22:15:02.641+0000] {etl_dag.py:194} INFO - max temp: 30.0
[2024-02-10T22:15:02.654+0000] {etl_dag.py:208} INFO - Filas a notificar:
[2024-02-10T22:15:02.655+0000] {etl_dag.py:209} INFO -   country                                          name   temp  limite
0      AR                                   San Nicolas  30.36    30.0
1      GS  South Georgia and the South Sandwich Islands   2.59     5.0
[2024-02-10T22:15:02.715+0000] {etl_dag.py:235} INFO - mail: lucasandrini01@gmail.com
[2024-02-10T22:15:02.720+0000] {etl_dag.py:236} INFO - msg: Content-Type: multipart/mixed; boundary="===============2268188402952265213=="
MIME-Version: 1.0
Subject: Alerta de temperatura

--===============2268188402952265213==
Content-Type: text/html; charset="utf-8"
MIME-Version: 1.0
Content-Transfer-Encoding: base64

RmVjaGEgZGUgZW52w61vOiAyMDI0LTAyLTEwIDIyOjE1OjAyCgo8dGFibGUgYm9yZGVyPSIxIiBj
bGFzcz0iZGF0YWZyYW1lIj4KICA8dGhlYWQ+CiAgICA8dHIgc3R5bGU9InRleHQtYWxpZ246IHJp
Z2h0OyI+CiAgICAgIDx0aD5jb3VudHJ5PC90aD4KICAgICAgPHRoPm5hbWU8L3RoPgogICAgICA8
dGg+dGVtcDwvdGg+CiAgICAgIDx0aD5saW1pdGU8L3RoPgogICAgPC90cj4KICA8L3RoZWFkPgog
IDx0Ym9keT4KICAgIDx0cj4KICAgICAgPHRkPkFSPC90ZD4KICAgICAgPHRkPlNhbiBOaWNvbGFz
PC90ZD4KICAgICAgPHRkPjMwLjM2PC90ZD4KICAgICAgPHRkPjMwLjA8L3RkPgogICAgPC90cj4K
ICAgIDx0cj4KICAgICAgPHRkPkdTPC90ZD4KICAgICAgPHRkPlNvdXRoIEdlb3JnaWEgYW5kIHRo
ZSBTb3V0aCBTYW5kd2ljaCBJc2xhbmRzPC90ZD4KICAgICAgPHRkPjIuNTk8L3RkPgogICAgICA8
dGQ+NS4wPC90ZD4KICAgIDwvdHI+CiAgPC90Ym9keT4KPC90YWJsZT4=

--===============2268188402952265213==--

[2024-02-10T22:15:06.213+0000] {etl_dag.py:245} INFO - Correo electrónico enviado con éxito.
[2024-02-10T22:15:06.215+0000] {python.py:201} INFO - Done. Returned value was: None
[2024-02-10T22:15:06.241+0000] {taskinstance.py:1138} INFO - Marking task as SUCCESS. dag_id=etl_weather_data, task_id=send_email_task, execution_date=20240210T221432, start_date=20240210T221501, end_date=20240210T221506
[2024-02-10T22:15:06.336+0000] {local_task_job_runner.py:234} INFO - Task exited with return code 0
[2024-02-10T22:15:06.408+0000] {taskinstance.py:3281} INFO - 0 downstream tasks scheduled from follow-on schedule check
